#
# A fatal error has been detected by the Java Runtime Environment:
#
#  EXCEPTION_ACCESS_VIOLATION (0xc0000005) at pc=0x00007ffb10e17939, pid=4856, tid=7952
#
# JRE version: OpenJDK Runtime Environment (11.0.8+10) (build 11.0.8+10-b944.6842174)
# Java VM: OpenJDK 64-Bit Server VM (11.0.8+10-b944.6842174, mixed mode, tiered, compressed oops, g1 gc, windows-amd64)
# Problematic frame:
# V  [jvm.dll+0x2d7939]
#
# No core dump will be written. Minidumps are not enabled by default on client versions of Windows
#
# If you would like to submit a bug report, please visit:
#   https://bugreport.java.com/bugreport/crash.jsp
#

---------------  S U M M A R Y ------------

Command Line: --add-opens=java.base/java.util=ALL-UNNAMED --add-opens=java.base/java.lang=ALL-UNNAMED --add-opens=java.base/java.lang.invoke=ALL-UNNAMED --add-opens=java.prefs/java.util.prefs=ALL-UNNAMED -Xmx2048m -Dfile.encoding=UTF-8 -Duser.country=US -Duser.language=en -Duser.variant org.gradle.launcher.daemon.bootstrap.GradleDaemon 6.5

Host: Intel(R) Core(TM) i3-4130 CPU @ 3.40GHz, 4 cores, 3G,  Windows 10 , 64 bit Build 18362 (10.0.18362.1350)
Time: Mon Aug  9 14:01:49 2021 India Standard Time elapsed time: 23 seconds (0d 0h 0m 23s)

---------------  T H R E A D  ---------------

Current thread (0x00000203dcae8000):  ConcurrentGCThread "G1 Conc#0" [stack: 0x000000bd46000000,0x000000bd46100000] [id=7952]

Stack: [0x000000bd46000000,0x000000bd46100000],  sp=0x000000bd460ff690,  free space=1021k
Native frames: (J=compiled Java code, j=interpreted, Vv=VM code, C=native code)
V  [jvm.dll+0x2d7939]
V  [jvm.dll+0x2d7866]
V  [jvm.dll+0x2cf76d]
V  [jvm.dll+0x2cf021]
V  [jvm.dll+0x2dd3ff]
V  [jvm.dll+0x2df23b]
V  [jvm.dll+0x2e0ddb]
V  [jvm.dll+0x2dfa29]
V  [jvm.dll+0x2e3d96]
V  [jvm.dll+0x7384e0]
V  [jvm.dll+0x6d3895]
V  [jvm.dll+0x5dd4a6]
C  [ucrtbase.dll+0x210b2]
C  [KERNEL32.DLL+0x17c24]
C  [ntdll.dll+0x6d721]


siginfo: EXCEPTION_ACCESS_VIOLATION (0xc0000005), reading address 0x0000000000000160


Register to memory mapping:

RIP=0x00007ffb10e17939 jvm.dll
RAX=0x00000203dcac5480 points into unknown readable memory: 00 00 00 00 00 00 00 00
RBX=0x0000000000000100 is an unknown value
RCX=0x00000203dcadce50 points into unknown readable memory: 00 58 ae dc 03 02 00 00
RDX=0x0 is NULL
RSP=0x000000bd460ff690 points into unknown readable memory: 20 8e b8 81 00 00 00 00
RBP=0x00000203dcadce50 points into unknown readable memory: 00 58 ae dc 03 02 00 00
RSI=0x0000000100402498 is pointing into metadata
RDI=0x0000000000000100 is an unknown value
R8 =0x0 is NULL
R9 =0x0000000000000100 is an unknown value
R10=0x00000203dcadce50 points into unknown readable memory: 00 58 ae dc 03 02 00 00
R11=0x00000203f0010000 points into unknown readable memory: 01 00 22 01 00 44 02 00
R12=0x000000000000000c is an unknown value
R13=0xaaaaaaaaaaaaaaab is an unknown value
R14=0x0 is NULL
R15=0x0000000083deb1d8 is an oop: org.codehaus.groovy.runtime.metaclass.MetaMethodIndex$Entry 
{0x0000000083deb1d8} - klass: 'org/codehaus/groovy/runtime/metaclass/MetaMethodIndex$Entry'


Registers:
RAX=0x00000203dcac5480, RBX=0x0000000000000100, RCX=0x00000203dcadce50, RDX=0x0000000000000000
RSP=0x000000bd460ff690, RBP=0x00000203dcadce50, RSI=0x0000000100402498, RDI=0x0000000000000100
R8 =0x0000000000000000, R9 =0x0000000000000100, R10=0x00000203dcadce50, R11=0x00000203f0010000
R12=0x000000000000000c, R13=0xaaaaaaaaaaaaaaab, R14=0x0000000000000000, R15=0x0000000083deb1d8
RIP=0x00007ffb10e17939, EFLAGS=0x0000000000010206

Top of Stack: (sp=0x000000bd460ff690)
0x000000bd460ff690:   0000000081b88e20 0000000100402498
0x000000bd460ff6a0:   0000000081189a00 000000bd460ff898
0x000000bd460ff6b0:   00000001004024a0 00007ffb10e17866
0x000000bd460ff6c0:   0000000100402498 0000000083deb210
0x000000bd460ff6d0:   00000203dcaebe50 000000bd460ff898
0x000000bd460ff6e0:   0000000000000000 000000bd460ff898
0x000000bd460ff6f0:   0000000083deb210 00007ffb10e0f76d
0x000000bd460ff700:   0000000000000007 0000000083deb200
0x000000bd460ff710:   0000000083deb0a0 0000000083deb0b8
0x000000bd460ff720:   000000bd460ff870 00000203dcae8801
0x000000bd460ff730:   0000000100402290 00007ffb10e0f021
0x000000bd460ff740:   0000000000000007 000000bd460ff898
0x000000bd460ff750:   0000000083deb1d8 000000bd460ff870
0x000000bd460ff760:   0000000083deb1d8 00007ffb10e1d3ff
0x000000bd460ff770:   00000203dcaebe50 00000000007c0000
0x000000bd460ff780:   000000bd460ff870 0000000000000000 

Instructions: (pc=0x00007ffb10e17939)
0x00007ffb10e17839:   00 00 00 00 48 8b fa 4c 8b ca 49 8b 42 08 8b 53
0x00007ffb10e17849:   10 8b 88 c0 02 00 00 48 8b 80 b0 02 00 00 49 d3
0x00007ffb10e17859:   e8 49 8b ca 4e 8b 04 c0 e8 ba 00 00 00 84 c0 75
0x00007ffb10e17869:   0b 48 8b 5c 24 48 48 83 c4 30 5f c3 48 8b 43 20
0x00007ffb10e17879:   48 8b 88 d8 02 00 00 48 8b 83 98 00 00 00 48 85
0x00007ffb10e17889:   c0 74 0e 48 3b f8 72 0e 48 3b bb a0 00 00 00 72
0x00007ffb10e17899:   77 48 3b f9 73 72 80 3d 49 da 70 00 00 74 15 8b
0x00007ffb10e178a9:   47 08 8b 0d e7 51 6c 00 48 d3 e0 48 03 05 d5 51
0x00007ffb10e178b9:   6c 00 eb 04 48 8b 47 08 81 78 08 00 00 00 c0 72
0x00007ffb10e178c9:   35 48 8b 83 b0 00 00 00 48 39 83 a8 00 00 00 73
0x00007ffb10e178d9:   10 48 8b 83 c8 00 00 00 48 39 83 c0 00 00 00 72
0x00007ffb10e178e9:   27 48 8b cb e8 1e a4 00 00 b0 01 48 8b 5c 24 48
0x00007ffb10e178f9:   48 83 c4 30 5f c3 48 8d 54 24 40 48 89 7c 24 40
0x00007ffb10e17909:   48 8b cb e8 ef 18 00 00 b0 01 48 8b 5c 24 48 48
0x00007ffb10e17919:   83 c4 30 5f c3 cc cc 48 89 5c 24 18 48 89 6c 24
0x00007ffb10e17929:   20 41 56 48 83 ec 20 49 8b d9 44 8b f2 48 8b e9
0x00007ffb10e17939:   4d 3b 88 60 01 00 00 72 13 32 c0 48 8b 5c 24 40
0x00007ffb10e17949:   48 8b 6c 24 48 48 83 c4 20 41 5e c3 48 8b 81 90
0x00007ffb10e17959:   00 00 00 48 8b d3 48 89 74 24 30 48 2b 10 8b 48
0x00007ffb10e17969:   10 48 c1 ea 03 48 d3 ea 48 8d 48 18 e8 26 1d e3
0x00007ffb10e17979:   ff 0f b6 f0 84 c0 74 6f 48 89 7c 24 38 48 8b 7c
0x00007ffb10e17989:   24 50 48 85 ff 75 2d 40 38 3d 58 d9 70 00 74 15
0x00007ffb10e17999:   8b 53 08 8b 0d f6 50 6c 00 48 d3 e2 48 03 15 e4
0x00007ffb10e179a9:   50 6c 00 eb 04 48 8b 53 08 48 8b cb e8 66 0e eb
0x00007ffb10e179b9:   ff 48 63 f8 48 8b 85 f0 02 00 00 8b 0d 4e df 70
0x00007ffb10e179c9:   00 4a 8b 14 f0 48 8b 42 18 48 8b 40 10 48 2b d8
0x00007ffb10e179d9:   48 d3 eb 48 8d 4a 38 8b d3 e8 d9 e4 ff ff 48 01
0x00007ffb10e179e9:   78 08 48 8b 7c 24 38 48 8b 5c 24 40 40 0f b6 c6
0x00007ffb10e179f9:   48 8b 74 24 30 48 8b 6c 24 48 48 83 c4 20 41 5e
0x00007ffb10e17a09:   c3 cc cc cc cc cc cc 4c 8b 81 b8 02 00 00 48 8b
0x00007ffb10e17a19:   81 a8 02 00 00 8b 91 c0 02 00 00 49 03 c0 8b ca
0x00007ffb10e17a29:   48 d3 e0 49 d3 e0 49 2b c0 48 83 e0 f8 c3 cc cc 


Stack slot to memory mapping:
stack at sp + 0 slots: 0x0000000081b88e20 is an oop: org.codehaus.groovy.reflection.CachedMethod 
{0x0000000081b88e20} - klass: 'org/codehaus/groovy/reflection/CachedMethod'
stack at sp + 1 slots: 0x0000000100402498 is pointing into metadata
stack at sp + 2 slots: 0x0000000081189a00 is an oop: org.codehaus.groovy.reflection.CachedMethod 
{0x0000000081189a00} - klass: 'org/codehaus/groovy/reflection/CachedMethod'
stack at sp + 3 slots: 0x000000bd460ff898 points into unknown readable memory: 60 e1 34 11 fb 7f 00 00
stack at sp + 4 slots: 0x00000001004024a0 is a pointer to class: 
org.codehaus.groovy.runtime.metaclass.MetaMethodIndex {0x00000001004024a8}
stack at sp + 5 slots: 0x00007ffb10e17866 jvm.dll
stack at sp + 6 slots: 0x0000000100402498 is pointing into metadata
stack at sp + 7 slots: 0x0000000083deb210 is an oop: org.codehaus.groovy.runtime.metaclass.MetaMethodIndex$Entry 
{0x0000000083deb210} - klass: 'org/codehaus/groovy/runtime/metaclass/MetaMethodIndex$Entry'


---------------  P R O C E S S  ---------------

Threads class SMR info:
_java_thread_list=0x00000203f74187a0, length=143, elements={
0x00000203dca9c800, 0x00000203f64ba800, 0x00000203f64c5800, 0x00000203f6517800,
0x00000203f651a800, 0x00000203f651d000, 0x00000203f6521800, 0x00000203f6528800,
0x00000203f6f9c000, 0x00000203f6fbc800, 0x00000203f8c65000, 0x00000203f88e4800,
0x00000203f8941800, 0x00000203f7e13800, 0x00000203f892b800, 0x00000203f8159000,
0x00000203f83de000, 0x00000203f805d000, 0x00000203f805d800, 0x00000203f88ff800,
0x00000203f8f41000, 0x00000203f8f47800, 0x00000203f8f45800, 0x00000203f8f46800,
0x00000203f8f43000, 0x00000203f8f44000, 0x00000203f8f45000, 0x00000203f8f41800,
0x00000203f8f42800, 0x00000203f9ac3000, 0x00000203f9ac4000, 0x00000203f9ac7000,
0x00000203f9ac5000, 0x00000203f9ac1800, 0x00000203f9ac6800, 0x00000203f9ac8000,
0x00000203f9ac2800, 0x00000203f9ac9800, 0x00000203f9ace800, 0x00000203f9aca800,
0x00000203f9ac9000, 0x00000203f9acf800, 0x00000203f9ad0000, 0x00000203f9acb800,
0x00000203f9acc000, 0x00000203f9acd000, 0x00000203f9ace000, 0x00000203f939f800,
0x00000203f939e000, 0x00000203f939f000, 0x00000203f939c800, 0x00000203f939d800,
0x00000203f93a0800, 0x00000203f93a1800, 0x00000203f939b800, 0x00000203f93a5800,
0x00000203f93a3000, 0x00000203f93a4800, 0x00000203f93a7000, 0x00000203f93a6000,
0x00000203f93a8000, 0x00000203f93a2000, 0x00000203f93a8800, 0x00000203f93a9800,
0x00000203f93a4000, 0x00000203f93aa800, 0x00000203f8efa000, 0x00000203f8ef9800,
0x00000203f8efd800, 0x00000203f8efc000, 0x00000203f8efe000, 0x00000203f8eff000,
0x00000203f8efc800, 0x00000203f8f00000, 0x00000203f8f00800, 0x00000203f8efb000,
0x00000203f8f06800, 0x00000203f8f05800, 0x00000203f8f07000, 0x00000203f8f04800,
0x00000203f8f01800, 0x00000203f8f02800, 0x00000203f8f04000, 0x00000203f8f08000,
0x00000203f8f03000, 0x00000203f730e800, 0x00000203f7312800, 0x00000203f730f800,
0x00000203f7310000, 0x00000203f730d800, 0x00000203f7311000, 0x00000203f730d000,
0x00000203f7316000, 0x00000203f7317800, 0x00000203f7313800, 0x00000203f7316800,
0x00000203f7314800, 0x00000203f7315000, 0x00000203f7312000, 0x00000203f731b800,
0x00000203f7318800, 0x00000203f7319000, 0x00000203f731a000, 0x00000203f731b000,
0x00000203fbe6f000, 0x00000203fbe6e000, 0x00000203fbe6b800, 0x00000203fbe6c800,
0x00000203fbe6d800, 0x00000203fbe70000, 0x00000203fbe6b000, 0x00000203fbe72000,
0x00000203fbe76800, 0x00000203fbe74000, 0x00000203fbe73000, 0x00000203fbe74800,
0x00000203fbe70800, 0x00000203fbe77000, 0x00000203fbe71800, 0x00000203fbe79000,
0x00000203fbe75800, 0x00000203fbe79800, 0x00000203fbe78000, 0x00000203f917a800,
0x00000203f917c800, 0x00000203f9177000, 0x00000203f917d800, 0x00000203f9178000,
0x00000203f917e800, 0x00000203f9178800, 0x00000203f917b000, 0x00000203f917f000,
0x00000203f917c000, 0x00000203f9179800, 0x00000203f9184000, 0x00000203f9181800,
0x00000203f9180000, 0x00000203f9182800, 0x00000203f9183000, 0x00000203f9181000,
0x00000203f9185000, 0x00000203f9185800, 0x00000203fc969800
}

Java Threads: ( => current thread )
  0x00000203dca9c800 JavaThread "main" [_thread_blocked, id=7468, stack(0x000000bd45d00000,0x000000bd45e00000)]
  0x00000203f64ba800 JavaThread "Reference Handler" daemon [_thread_blocked, id=816, stack(0x000000bd46400000,0x000000bd46500000)]
  0x00000203f64c5800 JavaThread "Finalizer" daemon [_thread_blocked, id=4684, stack(0x000000bd46500000,0x000000bd46600000)]
  0x00000203f6517800 JavaThread "Signal Dispatcher" daemon [_thread_blocked, id=6396, stack(0x000000bd46600000,0x000000bd46700000)]
  0x00000203f651a800 JavaThread "Attach Listener" daemon [_thread_blocked, id=6752, stack(0x000000bd46700000,0x000000bd46800000)]
  0x00000203f651d000 JavaThread "C2 CompilerThread0" daemon [_thread_in_native, id=9024, stack(0x000000bd46800000,0x000000bd46900000)]
  0x00000203f6521800 JavaThread "C1 CompilerThread0" daemon [_thread_blocked, id=4956, stack(0x000000bd46900000,0x000000bd46a00000)]
  0x00000203f6528800 JavaThread "Sweeper thread" daemon [_thread_blocked, id=3284, stack(0x000000bd46a00000,0x000000bd46b00000)]
  0x00000203f6f9c000 JavaThread "Common-Cleaner" daemon [_thread_blocked, id=7416, stack(0x000000bd46b00000,0x000000bd46c00000)]
  0x00000203f6fbc800 JavaThread "Service Thread" daemon [_thread_blocked, id=4540, stack(0x000000bd46c00000,0x000000bd46d00000)]
  0x00000203f8c65000 JavaThread "Daemon health stats" [_thread_blocked, id=8492, stack(0x000000bd47000000,0x000000bd47100000)]
  0x00000203f88e4800 JavaThread "Incoming local TCP Connector on port 55994" [_thread_in_native, id=2432, stack(0x000000bd47400000,0x000000bd47500000)]
  0x00000203f8941800 JavaThread "Daemon periodic checks" [_thread_blocked, id=5460, stack(0x000000bd47500000,0x000000bd47600000)]
  0x00000203f7e13800 JavaThread "Daemon" [_thread_blocked, id=3708, stack(0x000000bd47600000,0x000000bd47700000)]
  0x00000203f892b800 JavaThread "Handler for socket connection from /127.0.0.1:55994 to /127.0.0.1:55995" [_thread_in_native, id=1160, stack(0x000000bd47700000,0x000000bd47800000)]
  0x00000203f8159000 JavaThread "Cancel handler" [_thread_blocked, id=3852, stack(0x000000bd47800000,0x000000bd47900000)]
  0x00000203f83de000 JavaThread "Daemon worker" [_thread_blocked, id=5052, stack(0x000000bd47900000,0x000000bd47a00000)]
  0x00000203f805d000 JavaThread "Asynchronous log dispatcher for DefaultDaemonConnection: socket connection from /127.0.0.1:55994 to /127.0.0.1:55995" [_thread_blocked, id=9064, stack(0x000000bd47b00000,0x000000bd47c00000)]
  0x00000203f805d800 JavaThread "Stdin handler" [_thread_blocked, id=6336, stack(0x000000bd47c00000,0x000000bd47d00000)]
  0x00000203f88ff800 JavaThread "Thread-8" [_thread_blocked, id=8148, stack(0x000000bd47d00000,0x000000bd47e00000)]
  0x00000203f8f41000 JavaThread "Cache worker for journal cache (C:\Users\Akash\.gradle\caches\journal-1)" [_thread_in_native, id=7040, stack(0x000000bd47e00000,0x000000bd47f00000)]
  0x00000203f8f47800 JavaThread "File lock request listener" [_thread_in_native, id=5928, stack(0x000000bd47f00000,0x000000bd48000000)]
  0x00000203f8f45800 JavaThread "Cache worker for file hash cache (C:\Users\Akash\.gradle\caches\6.5\fileHashes)" [_thread_blocked, id=5188, stack(0x000000bd48000000,0x000000bd48100000)]
  0x00000203f8f46800 JavaThread "Cache worker for file hash cache (D:\Aksha_data\Akash_New_Running_Projects\AmanahDeliverApp\Amanah\.gradle\6.5\fileHashes)" [_thread_blocked, id=4696, stack(0x000000bd48100000,0x000000bd48200000)]
  0x00000203f8f43000 JavaThread "Cache worker for checksums cache (D:\Aksha_data\Akash_New_Running_Projects\AmanahDeliverApp\Amanah\.gradle\checksums)" [_thread_blocked, id=1784, stack(0x000000bd48200000,0x000000bd48300000)]
  0x00000203f8f44000 JavaThread "Cache worker for cache directory md-supplier (C:\Users\Akash\.gradle\caches\6.5\md-supplier)" [_thread_blocked, id=6616, stack(0x000000bd48300000,0x000000bd48400000)]
  0x00000203f8f45000 JavaThread "Cache worker for cache directory md-rule (C:\Users\Akash\.gradle\caches\6.5\md-rule)" [_thread_blocked, id=3500, stack(0x000000bd48400000,0x000000bd48500000)]
  0x00000203f8f41800 JavaThread "Cache worker for execution history cache (C:\Users\Akash\.gradle\caches\6.5\executionHistory)" [_thread_blocked, id=4148, stack(0x000000bd48500000,0x000000bd48600000)]
  0x00000203f8f42800 JavaThread "jar transforms" [_thread_blocked, id=2252, stack(0x000000bd48600000,0x000000bd48700000)]
  0x00000203f9ac3000 JavaThread "Cache worker for file content cache (C:\Users\Akash\.gradle\caches\6.5\fileContent)" [_thread_blocked, id=5832, stack(0x000000bd48700000,0x000000bd48800000)]
  0x00000203f9ac4000 JavaThread "Build operations" [_thread_blocked, id=4308, stack(0x000000bd48800000,0x000000bd48900000)]
  0x00000203f9ac7000 JavaThread "Build operations Thread 2" [_thread_blocked, id=1928, stack(0x000000bd48900000,0x000000bd48a00000)]
  0x00000203f9ac5000 JavaThread "Build operations Thread 3" [_thread_blocked, id=2676, stack(0x000000bd48a00000,0x000000bd48b00000)]
  0x00000203f9ac1800 JavaThread "Build operations Thread 4" [_thread_blocked, id=5168, stack(0x000000bd48b00000,0x000000bd48c00000)]
  0x00000203f9ac6800 JavaThread "jar transforms Thread 2" [_thread_blocked, id=3300, stack(0x000000bd48c00000,0x000000bd48d00000)]
  0x00000203f9ac8000 JavaThread "jar transforms Thread 3" [_thread_blocked, id=5304, stack(0x000000bd48d00000,0x000000bd48e00000)]
  0x00000203f9ac2800 JavaThread "jar transforms Thread 4" [_thread_blocked, id=8788, stack(0x000000bd48e00000,0x000000bd48f00000)]
  0x00000203f9ac9800 JavaThread "jar transforms Thread 5" [_thread_blocked, id=6248, stack(0x000000bd48f00000,0x000000bd49000000)]
  0x00000203f9ace800 JavaThread "jar transforms Thread 6" [_thread_blocked, id=6692, stack(0x000000bd49000000,0x000000bd49100000)]
  0x00000203f9aca800 JavaThread "jar transforms Thread 7" [_thread_blocked, id=7556, stack(0x000000bd49100000,0x000000bd49200000)]
  0x00000203f9ac9000 JavaThread "jar transforms Thread 8" [_thread_blocked, id=704, stack(0x000000bd49200000,0x000000bd49300000)]
  0x00000203f9acf800 JavaThread "jar transforms Thread 9" [_thread_blocked, id=7180, stack(0x000000bd49300000,0x000000bd49400000)]
  0x00000203f9ad0000 JavaThread "jar transforms Thread 10" [_thread_blocked, id=1392, stack(0x000000bd49400000,0x000000bd49500000)]
  0x00000203f9acb800 JavaThread "jar transforms Thread 11" [_thread_blocked, id=7640, stack(0x000000bd49500000,0x000000bd49600000)]
  0x00000203f9acc000 JavaThread "jar transforms Thread 12" [_thread_blocked, id=4212, stack(0x000000bd49600000,0x000000bd49700000)]
  0x00000203f9acd000 JavaThread "jar transforms Thread 13" [_thread_blocked, id=5016, stack(0x000000bd49700000,0x000000bd49800000)]
  0x00000203f9ace000 JavaThread "jar transforms Thread 14" [_thread_blocked, id=5984, stack(0x000000bd49800000,0x000000bd49900000)]
  0x00000203f939f800 JavaThread "jar transforms Thread 15" [_thread_blocked, id=7756, stack(0x000000bd49900000,0x000000bd49a00000)]
  0x00000203f939e000 JavaThread "jar transforms Thread 16" [_thread_blocked, id=4544, stack(0x000000bd49a00000,0x000000bd49b00000)]
  0x00000203f939f000 JavaThread "jar transforms Thread 17" [_thread_blocked, id=6204, stack(0x000000bd49b00000,0x000000bd49c00000)]
  0x00000203f939c800 JavaThread "jar transforms Thread 18" [_thread_blocked, id=2528, stack(0x000000bd49c00000,0x000000bd49d00000)]
  0x00000203f939d800 JavaThread "jar transforms Thread 19" [_thread_blocked, id=5312, stack(0x000000bd49d00000,0x000000bd49e00000)]
  0x00000203f93a0800 JavaThread "jar transforms Thread 20" [_thread_blocked, id=1836, stack(0x000000bd49e00000,0x000000bd49f00000)]
  0x00000203f93a1800 JavaThread "jar transforms Thread 21" [_thread_blocked, id=7816, stack(0x000000bd49f00000,0x000000bd4a000000)]
  0x00000203f939b800 JavaThread "jar transforms Thread 22" [_thread_blocked, id=5436, stack(0x000000bd4a000000,0x000000bd4a100000)]
  0x00000203f93a5800 JavaThread "jar transforms Thread 23" [_thread_blocked, id=3224, stack(0x000000bd4a100000,0x000000bd4a200000)]
  0x00000203f93a3000 JavaThread "jar transforms Thread 24" [_thread_blocked, id=656, stack(0x000000bd4a200000,0x000000bd4a300000)]
  0x00000203f93a4800 JavaThread "jar transforms Thread 25" [_thread_blocked, id=8820, stack(0x000000bd4a300000,0x000000bd4a400000)]
  0x00000203f93a7000 JavaThread "jar transforms Thread 26" [_thread_blocked, id=4012, stack(0x000000bd4a400000,0x000000bd4a500000)]
  0x00000203f93a6000 JavaThread "jar transforms Thread 27" [_thread_blocked, id=4508, stack(0x000000bd4a500000,0x000000bd4a600000)]
  0x00000203f93a8000 JavaThread "jar transforms Thread 28" [_thread_blocked, id=2124, stack(0x000000bd4a600000,0x000000bd4a700000)]
  0x00000203f93a2000 JavaThread "jar transforms Thread 29" [_thread_blocked, id=7308, stack(0x000000bd4a700000,0x000000bd4a800000)]
  0x00000203f93a8800 JavaThread "jar transforms Thread 30" [_thread_blocked, id=3172, stack(0x000000bd4a800000,0x000000bd4a900000)]
  0x00000203f93a9800 JavaThread "jar transforms Thread 31" [_thread_blocked, id=2460, stack(0x000000bd4a900000,0x000000bd4aa00000)]
  0x00000203f93a4000 JavaThread "jar transforms Thread 32" [_thread_blocked, id=5512, stack(0x000000bd4aa00000,0x000000bd4ab00000)]
  0x00000203f93aa800 JavaThread "jar transforms Thread 33" [_thread_blocked, id=7728, stack(0x000000bd4ab00000,0x000000bd4ac00000)]
  0x00000203f8efa000 JavaThread "jar transforms Thread 34" [_thread_blocked, id=7676, stack(0x000000bd4ac00000,0x000000bd4ad00000)]
  0x00000203f8ef9800 JavaThread "jar transforms Thread 35" [_thread_blocked, id=2824, stack(0x000000bd4ad00000,0x000000bd4ae00000)]
  0x00000203f8efd800 JavaThread "jar transforms Thread 36" [_thread_blocked, id=3288, stack(0x000000bd4ae00000,0x000000bd4af00000)]
  0x00000203f8efc000 JavaThread "jar transforms Thread 37" [_thread_blocked, id=5496, stack(0x000000bd4af00000,0x000000bd4b000000)]
  0x00000203f8efe000 JavaThread "jar transforms Thread 38" [_thread_blocked, id=6288, stack(0x000000bd4b000000,0x000000bd4b100000)]
  0x00000203f8eff000 JavaThread "jar transforms Thread 39" [_thread_blocked, id=7360, stack(0x000000bd4b100000,0x000000bd4b200000)]
  0x00000203f8efc800 JavaThread "jar transforms Thread 40" [_thread_blocked, id=7752, stack(0x000000bd4b200000,0x000000bd4b300000)]
  0x00000203f8f00000 JavaThread "jar transforms Thread 41" [_thread_blocked, id=4640, stack(0x000000bd4b300000,0x000000bd4b400000)]
  0x00000203f8f00800 JavaThread "jar transforms Thread 42" [_thread_blocked, id=8604, stack(0x000000bd4b400000,0x000000bd4b500000)]
  0x00000203f8efb000 JavaThread "jar transforms Thread 43" [_thread_blocked, id=7560, stack(0x000000bd4b500000,0x000000bd4b600000)]
  0x00000203f8f06800 JavaThread "jar transforms Thread 44" [_thread_blocked, id=8288, stack(0x000000bd4b600000,0x000000bd4b700000)]
  0x00000203f8f05800 JavaThread "jar transforms Thread 45" [_thread_blocked, id=1232, stack(0x000000bd4b700000,0x000000bd4b800000)]
  0x00000203f8f07000 JavaThread "jar transforms Thread 46" [_thread_blocked, id=7152, stack(0x000000bd4b800000,0x000000bd4b900000)]
  0x00000203f8f04800 JavaThread "jar transforms Thread 47" [_thread_blocked, id=576, stack(0x000000bd4b900000,0x000000bd4ba00000)]
  0x00000203f8f01800 JavaThread "jar transforms Thread 48" [_thread_blocked, id=6772, stack(0x000000bd4ba00000,0x000000bd4bb00000)]
  0x00000203f8f02800 JavaThread "jar transforms Thread 49" [_thread_blocked, id=5712, stack(0x000000bd4bb00000,0x000000bd4bc00000)]
  0x00000203f8f04000 JavaThread "jar transforms Thread 50" [_thread_blocked, id=7672, stack(0x000000bd4bc00000,0x000000bd4bd00000)]
  0x00000203f8f08000 JavaThread "jar transforms Thread 51" [_thread_blocked, id=1692, stack(0x000000bd4bd00000,0x000000bd4be00000)]
  0x00000203f8f03000 JavaThread "jar transforms Thread 52" [_thread_blocked, id=5036, stack(0x000000bd4be00000,0x000000bd4bf00000)]
  0x00000203f730e800 JavaThread "jar transforms Thread 53" [_thread_blocked, id=5232, stack(0x000000bd4bf00000,0x000000bd4c000000)]
  0x00000203f7312800 JavaThread "jar transforms Thread 54" [_thread_blocked, id=7456, stack(0x000000bd4c000000,0x000000bd4c100000)]
  0x00000203f730f800 JavaThread "jar transforms Thread 55" [_thread_blocked, id=1164, stack(0x000000bd4c100000,0x000000bd4c200000)]
  0x00000203f7310000 JavaThread "jar transforms Thread 56" [_thread_blocked, id=5432, stack(0x000000bd4c200000,0x000000bd4c300000)]
  0x00000203f730d800 JavaThread "jar transforms Thread 57" [_thread_blocked, id=2748, stack(0x000000bd4c300000,0x000000bd4c400000)]
  0x00000203f7311000 JavaThread "jar transforms Thread 58" [_thread_blocked, id=7228, stack(0x000000bd4c400000,0x000000bd4c500000)]
  0x00000203f730d000 JavaThread "jar transforms Thread 59" [_thread_blocked, id=6208, stack(0x000000bd4c500000,0x000000bd4c600000)]
  0x00000203f7316000 JavaThread "jar transforms Thread 60" [_thread_blocked, id=1116, stack(0x000000bd4c600000,0x000000bd4c700000)]
  0x00000203f7317800 JavaThread "jar transforms Thread 61" [_thread_blocked, id=4504, stack(0x000000bd4c700000,0x000000bd4c800000)]
  0x00000203f7313800 JavaThread "jar transforms Thread 62" [_thread_blocked, id=8776, stack(0x000000bd4c800000,0x000000bd4c900000)]
  0x00000203f7316800 JavaThread "jar transforms Thread 63" [_thread_blocked, id=1732, stack(0x000000bd4c900000,0x000000bd4ca00000)]
  0x00000203f7314800 JavaThread "jar transforms Thread 64" [_thread_blocked, id=5640, stack(0x000000bd4ca00000,0x000000bd4cb00000)]
  0x00000203f7315000 JavaThread "jar transforms Thread 65" [_thread_blocked, id=2272, stack(0x000000bd4cb00000,0x000000bd4cc00000)]
  0x00000203f7312000 JavaThread "jar transforms Thread 66" [_thread_blocked, id=8728, stack(0x000000bd4cc00000,0x000000bd4cd00000)]
  0x00000203f731b800 JavaThread "jar transforms Thread 67" [_thread_blocked, id=672, stack(0x000000bd4cd00000,0x000000bd4ce00000)]
  0x00000203f7318800 JavaThread "jar transforms Thread 68" [_thread_blocked, id=5208, stack(0x000000bd4ce00000,0x000000bd4cf00000)]
  0x00000203f7319000 JavaThread "jar transforms Thread 69" [_thread_blocked, id=1908, stack(0x000000bd4cf00000,0x000000bd4d000000)]
  0x00000203f731a000 JavaThread "jar transforms Thread 70" [_thread_blocked, id=652, stack(0x000000bd4d000000,0x000000bd4d100000)]
  0x00000203f731b000 JavaThread "jar transforms Thread 71" [_thread_blocked, id=7084, stack(0x000000bd4d100000,0x000000bd4d200000)]
  0x00000203fbe6f000 JavaThread "jar transforms Thread 72" [_thread_blocked, id=7004, stack(0x000000bd4d200000,0x000000bd4d300000)]
  0x00000203fbe6e000 JavaThread "jar transforms Thread 73" [_thread_blocked, id=2536, stack(0x000000bd4d300000,0x000000bd4d400000)]
  0x00000203fbe6b800 JavaThread "jar transforms Thread 74" [_thread_blocked, id=3276, stack(0x000000bd4d400000,0x000000bd4d500000)]
  0x00000203fbe6c800 JavaThread "jar transforms Thread 75" [_thread_blocked, id=7264, stack(0x000000bd4d500000,0x000000bd4d600000)]
  0x00000203fbe6d800 JavaThread "jar transforms Thread 76" [_thread_blocked, id=5932, stack(0x000000bd4d600000,0x000000bd4d700000)]
  0x00000203fbe70000 JavaThread "jar transforms Thread 77" [_thread_blocked, id=4204, stack(0x000000bd4d700000,0x000000bd4d800000)]
  0x00000203fbe6b000 JavaThread "jar transforms Thread 78" [_thread_blocked, id=1556, stack(0x000000bd4d800000,0x000000bd4d900000)]
  0x00000203fbe72000 JavaThread "jar transforms Thread 79" [_thread_blocked, id=3504, stack(0x000000bd4d900000,0x000000bd4da00000)]
  0x00000203fbe76800 JavaThread "jar transforms Thread 80" [_thread_blocked, id=1336, stack(0x000000bd4da00000,0x000000bd4db00000)]
  0x00000203fbe74000 JavaThread "jar transforms Thread 81" [_thread_blocked, id=4800, stack(0x000000bd4db00000,0x000000bd4dc00000)]
  0x00000203fbe73000 JavaThread "jar transforms Thread 82" [_thread_blocked, id=9200, stack(0x000000bd4dc00000,0x000000bd4dd00000)]
  0x00000203fbe74800 JavaThread "jar transforms Thread 83" [_thread_blocked, id=2768, stack(0x000000bd4dd00000,0x000000bd4de00000)]
  0x00000203fbe70800 JavaThread "jar transforms Thread 84" [_thread_blocked, id=8980, stack(0x000000bd4de00000,0x000000bd4df00000)]
  0x00000203fbe77000 JavaThread "jar transforms Thread 85" [_thread_blocked, id=6344, stack(0x000000bd4df00000,0x000000bd4e000000)]
  0x00000203fbe71800 JavaThread "jar transforms Thread 86" [_thread_blocked, id=6468, stack(0x000000bd4e000000,0x000000bd4e100000)]
  0x00000203fbe79000 JavaThread "jar transforms Thread 87" [_thread_blocked, id=3204, stack(0x000000bd4e100000,0x000000bd4e200000)]
  0x00000203fbe75800 JavaThread "jar transforms Thread 88" [_thread_blocked, id=8624, stack(0x000000bd4e200000,0x000000bd4e300000)]
  0x00000203fbe79800 JavaThread "jar transforms Thread 89" [_thread_blocked, id=2952, stack(0x000000bd4e300000,0x000000bd4e400000)]
  0x00000203fbe78000 JavaThread "jar transforms Thread 90" [_thread_blocked, id=3484, stack(0x000000bd4e400000,0x000000bd4e500000)]
  0x00000203f917a800 JavaThread "jar transforms Thread 91" [_thread_blocked, id=5440, stack(0x000000bd4e500000,0x000000bd4e600000)]
  0x00000203f917c800 JavaThread "jar transforms Thread 92" [_thread_blocked, id=2996, stack(0x000000bd4e600000,0x000000bd4e700000)]
  0x00000203f9177000 JavaThread "jar transforms Thread 93" [_thread_blocked, id=1564, stack(0x000000bd4e700000,0x000000bd4e800000)]
  0x00000203f917d800 JavaThread "jar transforms Thread 94" [_thread_blocked, id=7488, stack(0x000000bd4e800000,0x000000bd4e900000)]
  0x00000203f9178000 JavaThread "jar transforms Thread 95" [_thread_blocked, id=4388, stack(0x000000bd4e900000,0x000000bd4ea00000)]
  0x00000203f917e800 JavaThread "jar transforms Thread 96" [_thread_blocked, id=7200, stack(0x000000bd4ea00000,0x000000bd4eb00000)]
  0x00000203f9178800 JavaThread "jar transforms Thread 97" [_thread_blocked, id=8404, stack(0x000000bd4eb00000,0x000000bd4ec00000)]
  0x00000203f917b000 JavaThread "Cache worker for Build Output Cleanup Cache (D:\Aksha_data\Akash_New_Running_Projects\AmanahDeliverApp\Amanah\.gradle\buildOutputCleanup)" [_thread_blocked, id=2208, stack(0x000000bd4ec00000,0x000000bd4ed00000)]
  0x00000203f917f000 JavaThread "Memory manager" [_thread_blocked, id=2944, stack(0x000000bd4ed00000,0x000000bd4ee00000)]
  0x00000203f917c000 JavaThread "Cache worker for file content cache (D:\Aksha_data\Akash_New_Running_Projects\AmanahDeliverApp\Amanah\.gradle\6.5\fileContent)" [_thread_blocked, id=8032, stack(0x000000bd4ee00000,0x000000bd4ef00000)]
  0x00000203f9179800 JavaThread "Execution worker for ':'" [_thread_blocked, id=7984, stack(0x000000bd4ef00000,0x000000bd4f000000)]
  0x00000203f9184000 JavaThread "Execution worker for ':' Thread 2" [_thread_blocked, id=6064, stack(0x000000bd4f000000,0x000000bd4f100000)]
  0x00000203f9181800 JavaThread "Execution worker for ':' Thread 3" [_thread_in_vm, id=7552, stack(0x000000bd4f100000,0x000000bd4f200000)]
  0x00000203f9180000 JavaThread "Cache worker for execution history cache (D:\Aksha_data\Akash_New_Running_Projects\AmanahDeliverApp\Amanah\.gradle\6.5\executionHistory)" [_thread_blocked, id=7692, stack(0x000000bd4f200000,0x000000bd4f300000)]
  0x00000203f9182800 JavaThread "WorkerExecutor Queue" [_thread_blocked, id=5772, stack(0x000000bd4f300000,0x000000bd4f400000)]
  0x00000203f9183000 JavaThread "WorkerExecutor Queue Thread 2" [_thread_blocked, id=4624, stack(0x000000bd4f400000,0x000000bd4f500000)]
  0x00000203f9181000 JavaThread "pool-2-thread-1" [_thread_blocked, id=8880, stack(0x000000bd4f500000,0x000000bd4f600000)]
  0x00000203f9185000 JavaThread "stderr" [_thread_in_native, id=7720, stack(0x000000bd4f600000,0x000000bd4f700000)]
  0x00000203f9185800 JavaThread "stdout" [_thread_in_native, id=532, stack(0x000000bd4f700000,0x000000bd4f800000)]
  0x00000203fc969800 JavaThread "C2 CompilerThread1" daemon [_thread_blocked, id=2532, stack(0x000000bd47a00000,0x000000bd47b00000)]

Other Threads:
  0x00000203f64b6800 VMThread "VM Thread" [stack: 0x000000bd46300000,0x000000bd46400000] [id=9028]
  0x00000203f6fc6000 WatcherThread [stack: 0x000000bd46d00000,0x000000bd46e00000] [id=2176]
  0x00000203dcab6000 GCTaskThread "GC Thread#0" [stack: 0x000000bd45e00000,0x000000bd45f00000] [id=416]
  0x00000203f72a4800 GCTaskThread "GC Thread#1" [stack: 0x000000bd46f00000,0x000000bd47000000] [id=4528]
  0x00000203f8333800 GCTaskThread "GC Thread#2" [stack: 0x000000bd46e00000,0x000000bd46f00000] [id=3184]
  0x00000203f8599800 GCTaskThread "GC Thread#3" [stack: 0x000000bd47100000,0x000000bd47200000] [id=2832]
  0x00000203dcae5800 ConcurrentGCThread "G1 Main Marker" [stack: 0x000000bd45f00000,0x000000bd46000000] [id=3876]
=>0x00000203dcae8000 ConcurrentGCThread "G1 Conc#0" [stack: 0x000000bd46000000,0x000000bd46100000] [id=7952]
  0x00000203dcb2f000 ConcurrentGCThread "G1 Refine#0" [stack: 0x000000bd46100000,0x000000bd46200000] [id=8476]
  0x00000203dcb30000 ConcurrentGCThread "G1 Young RemSet Sampling" [stack: 0x000000bd46200000,0x000000bd46300000] [id=2376]

Threads with active compile tasks:
C2 CompilerThread0  23596 10503       4       sun.nio.fs.NativeBuffers::releaseNativeBuffer (97 bytes)

VM state:not at safepoint (normal execution)

VM Mutex/Monitor currently owned by a thread:  ([mutex/lock_event])
[0x00000203dca97b10] CodeCache_lock - owner thread: 0x00000203f651d000

Heap address: 0x0000000080000000, size: 2048 MB, Compressed Oops mode: 32-bit
Narrow klass base: 0x0000000000000000, Narrow klass shift: 3
Compressed class space size: 1073741824 Address: 0x0000000100000000

Heap:
 garbage-first heap   total 187392K, used 104463K [0x0000000080000000, 0x0000000100000000)
  region size 1024K, 15 young (15360K), 2 survivors (2048K)
 Metaspace       used 80715K, capacity 82885K, committed 83200K, reserved 1122304K
  class space    used 10406K, capacity 11184K, committed 11264K, reserved 1048576K
Heap Regions: E=young(eden), S=young(survivor), O=old, HS=humongous(starts), HC=humongous(continues), CS=collection set, F=free, A=archive, TAMS=top-at-mark-start (previous, next)
|   0|0x0000000080000000, 0x0000000080100000, 0x0000000080100000|100%| O|  |TAMS 0x0000000080100000, 0x0000000080100000| Untracked 
|   1|0x0000000080100000, 0x0000000080200000, 0x0000000080200000|100%| O|  |TAMS 0x0000000080200000, 0x0000000080200000| Untracked 
|   2|0x0000000080200000, 0x0000000080300000, 0x0000000080300000|100%| O|  |TAMS 0x0000000080300000, 0x0000000080300000| Untracked 
|   3|0x0000000080300000, 0x0000000080400000, 0x0000000080400000|100%|HS|  |TAMS 0x0000000080400000, 0x0000000080400000| Complete 
|   4|0x0000000080400000, 0x0000000080500000, 0x0000000080500000|100%|HC|  |TAMS 0x0000000080500000, 0x0000000080500000| Complete 
|   5|0x0000000080500000, 0x0000000080600000, 0x0000000080600000|100%|HC|  |TAMS 0x0000000080600000, 0x0000000080600000| Complete 
|   6|0x0000000080600000, 0x0000000080700000, 0x0000000080700000|100%| O|  |TAMS 0x0000000080700000, 0x0000000080700000| Untracked 
|   7|0x0000000080700000, 0x0000000080800000, 0x0000000080800000|100%| O|  |TAMS 0x0000000080800000, 0x0000000080800000| Untracked 
|   8|0x0000000080800000, 0x0000000080900000, 0x0000000080900000|100%| O|  |TAMS 0x0000000080900000, 0x0000000080900000| Untracked 
|   9|0x0000000080900000, 0x0000000080a00000, 0x0000000080a00000|100%| O|  |TAMS 0x0000000080a00000, 0x0000000080a00000| Untracked 
|  10|0x0000000080a00000, 0x0000000080b00000, 0x0000000080b00000|100%| O|  |TAMS 0x0000000080b00000, 0x0000000080b00000| Untracked 
|  11|0x0000000080b00000, 0x0000000080c00000, 0x0000000080c00000|100%| O|  |TAMS 0x0000000080c00000, 0x0000000080c00000| Untracked 
|  12|0x0000000080c00000, 0x0000000080d00000, 0x0000000080d00000|100%| O|  |TAMS 0x0000000080d00000, 0x0000000080d00000| Untracked 
|  13|0x0000000080d00000, 0x0000000080e00000, 0x0000000080e00000|100%| O|  |TAMS 0x0000000080e00000, 0x0000000080e00000| Untracked 
|  14|0x0000000080e00000, 0x0000000080f00000, 0x0000000080f00000|100%| O|  |TAMS 0x0000000080f00000, 0x0000000080f00000| Untracked 
|  15|0x0000000080f00000, 0x0000000081000000, 0x0000000081000000|100%| O|  |TAMS 0x0000000081000000, 0x0000000081000000| Untracked 
|  16|0x0000000081000000, 0x0000000081100000, 0x0000000081100000|100%| O|  |TAMS 0x0000000081100000, 0x0000000081100000| Untracked 
|  17|0x0000000081100000, 0x0000000081200000, 0x0000000081200000|100%| O|  |TAMS 0x0000000081200000, 0x0000000081200000| Untracked 
|  18|0x0000000081200000, 0x0000000081300000, 0x0000000081300000|100%| O|  |TAMS 0x0000000081300000, 0x0000000081300000| Untracked 
|  19|0x0000000081300000, 0x0000000081400000, 0x0000000081400000|100%| O|  |TAMS 0x0000000081400000, 0x0000000081400000| Untracked 
|  20|0x0000000081400000, 0x0000000081500000, 0x0000000081500000|100%| O|  |TAMS 0x0000000081500000, 0x0000000081500000| Untracked 
|  21|0x0000000081500000, 0x0000000081600000, 0x0000000081600000|100%| O|  |TAMS 0x0000000081600000, 0x0000000081600000| Untracked 
|  22|0x0000000081600000, 0x0000000081700000, 0x0000000081700000|100%| O|  |TAMS 0x0000000081700000, 0x0000000081700000| Untracked 
|  23|0x0000000081700000, 0x0000000081800000, 0x0000000081800000|100%| O|  |TAMS 0x0000000081800000, 0x0000000081800000| Untracked 
|  24|0x0000000081800000, 0x0000000081900000, 0x0000000081900000|100%|HS|  |TAMS 0x0000000081900000, 0x0000000081900000| Complete 
|  25|0x0000000081900000, 0x0000000081a00000, 0x0000000081a00000|100%|HS|  |TAMS 0x0000000081a00000, 0x0000000081a00000| Complete 
|  26|0x0000000081a00000, 0x0000000081b00000, 0x0000000081b00000|100%|HC|  |TAMS 0x0000000081b00000, 0x0000000081b00000| Complete 
|  27|0x0000000081b00000, 0x0000000081c00000, 0x0000000081c00000|100%| O|  |TAMS 0x0000000081c00000, 0x0000000081c00000| Untracked 
|  28|0x0000000081c00000, 0x0000000081d00000, 0x0000000081d00000|100%| O|  |TAMS 0x0000000081d00000, 0x0000000081d00000| Untracked 
|  29|0x0000000081d00000, 0x0000000081e00000, 0x0000000081e00000|100%| O|  |TAMS 0x0000000081e00000, 0x0000000081e00000| Untracked 
|  30|0x0000000081e00000, 0x0000000081f00000, 0x0000000081f00000|100%| O|  |TAMS 0x0000000081f00000, 0x0000000081f00000| Untracked 
|  31|0x0000000081f00000, 0x0000000082000000, 0x0000000082000000|100%| O|  |TAMS 0x0000000082000000, 0x0000000082000000| Untracked 
|  32|0x0000000082000000, 0x0000000082100000, 0x0000000082100000|100%| O|  |TAMS 0x0000000082100000, 0x0000000082100000| Untracked 
|  33|0x0000000082100000, 0x0000000082200000, 0x0000000082200000|100%| O|  |TAMS 0x0000000082200000, 0x0000000082200000| Untracked 
|  34|0x0000000082200000, 0x0000000082300000, 0x0000000082300000|100%| O|  |TAMS 0x0000000082300000, 0x0000000082300000| Untracked 
|  35|0x0000000082300000, 0x0000000082400000, 0x0000000082400000|100%| O|  |TAMS 0x0000000082400000, 0x0000000082400000| Untracked 
|  36|0x0000000082400000, 0x0000000082500000, 0x0000000082500000|100%| O|  |TAMS 0x0000000082500000, 0x0000000082500000| Untracked 
|  37|0x0000000082500000, 0x0000000082600000, 0x0000000082600000|100%| O|  |TAMS 0x0000000082600000, 0x0000000082600000| Untracked 
|  38|0x0000000082600000, 0x0000000082700000, 0x0000000082700000|100%| O|  |TAMS 0x0000000082700000, 0x0000000082700000| Untracked 
|  39|0x0000000082700000, 0x0000000082800000, 0x0000000082800000|100%| O|  |TAMS 0x0000000082800000, 0x0000000082800000| Untracked 
|  40|0x0000000082800000, 0x0000000082900000, 0x0000000082900000|100%| O|  |TAMS 0x0000000082900000, 0x0000000082900000| Untracked 
|  41|0x0000000082900000, 0x0000000082a00000, 0x0000000082a00000|100%| O|  |TAMS 0x0000000082a00000, 0x0000000082a00000| Untracked 
|  42|0x0000000082a00000, 0x0000000082b00000, 0x0000000082b00000|100%| O|  |TAMS 0x0000000082b00000, 0x0000000082b00000| Untracked 
|  43|0x0000000082b00000, 0x0000000082c00000, 0x0000000082c00000|100%| O|  |TAMS 0x0000000082c00000, 0x0000000082c00000| Untracked 
|  44|0x0000000082c00000, 0x0000000082d00000, 0x0000000082d00000|100%| O|  |TAMS 0x0000000082d00000, 0x0000000082d00000| Untracked 
|  45|0x0000000082d00000, 0x0000000082e00000, 0x0000000082e00000|100%| O|  |TAMS 0x0000000082e00000, 0x0000000082e00000| Untracked 
|  46|0x0000000082e00000, 0x0000000082f00000, 0x0000000082f00000|100%| O|  |TAMS 0x0000000082f00000, 0x0000000082f00000| Untracked 
|  47|0x0000000082f00000, 0x0000000083000000, 0x0000000083000000|100%| O|  |TAMS 0x0000000083000000, 0x0000000083000000| Untracked 
|  48|0x0000000083000000, 0x0000000083100000, 0x0000000083100000|100%| O|  |TAMS 0x0000000083100000, 0x0000000083100000| Untracked 
|  49|0x0000000083100000, 0x0000000083200000, 0x0000000083200000|100%| O|  |TAMS 0x0000000083200000, 0x0000000083200000| Untracked 
|  50|0x0000000083200000, 0x0000000083300000, 0x0000000083300000|100%| O|  |TAMS 0x0000000083300000, 0x0000000083300000| Untracked 
|  51|0x0000000083300000, 0x0000000083400000, 0x0000000083400000|100%| O|  |TAMS 0x0000000083400000, 0x0000000083400000| Untracked 
|  52|0x0000000083400000, 0x0000000083500000, 0x0000000083500000|100%| O|  |TAMS 0x0000000083500000, 0x0000000083500000| Untracked 
|  53|0x0000000083500000, 0x0000000083600000, 0x0000000083600000|100%| O|  |TAMS 0x0000000083600000, 0x0000000083600000| Untracked 
|  54|0x0000000083600000, 0x0000000083700000, 0x0000000083700000|100%| O|  |TAMS 0x0000000083700000, 0x0000000083700000| Untracked 
|  55|0x0000000083700000, 0x0000000083800000, 0x0000000083800000|100%| O|  |TAMS 0x0000000083800000, 0x0000000083800000| Untracked 
|  56|0x0000000083800000, 0x0000000083900000, 0x0000000083900000|100%| O|  |TAMS 0x0000000083900000, 0x0000000083900000| Untracked 
|  57|0x0000000083900000, 0x0000000083a00000, 0x0000000083a00000|100%| O|  |TAMS 0x0000000083a00000, 0x0000000083a00000| Untracked 
|  58|0x0000000083a00000, 0x0000000083b00000, 0x0000000083b00000|100%| O|  |TAMS 0x0000000083b00000, 0x0000000083b00000| Untracked 
|  59|0x0000000083b00000, 0x0000000083c00000, 0x0000000083c00000|100%| O|  |TAMS 0x0000000083c00000, 0x0000000083c00000| Untracked 
|  60|0x0000000083c00000, 0x0000000083d00000, 0x0000000083d00000|100%| O|  |TAMS 0x0000000083d00000, 0x0000000083d00000| Untracked 
|  61|0x0000000083d00000, 0x0000000083e00000, 0x0000000083e00000|100%| O|  |TAMS 0x0000000083e00000, 0x0000000083e00000| Untracked 
|  62|0x0000000083e00000, 0x0000000083f00000, 0x0000000083f00000|100%| O|  |TAMS 0x0000000083f00000, 0x0000000083f00000| Untracked 
|  63|0x0000000083f00000, 0x0000000084000000, 0x0000000084000000|100%| O|  |TAMS 0x0000000084000000, 0x0000000084000000| Untracked 
|  64|0x0000000084000000, 0x0000000084100000, 0x0000000084100000|100%| O|  |TAMS 0x0000000084100000, 0x0000000084100000| Untracked 
|  65|0x0000000084100000, 0x0000000084200000, 0x0000000084200000|100%| O|  |TAMS 0x0000000084200000, 0x0000000084200000| Untracked 
|  66|0x0000000084200000, 0x0000000084300000, 0x0000000084300000|100%| O|  |TAMS 0x0000000084300000, 0x0000000084300000| Untracked 
|  67|0x0000000084300000, 0x0000000084400000, 0x0000000084400000|100%| O|  |TAMS 0x0000000084400000, 0x0000000084400000| Untracked 
|  68|0x0000000084400000, 0x0000000084500000, 0x0000000084500000|100%| O|  |TAMS 0x0000000084500000, 0x0000000084500000| Untracked 
|  69|0x0000000084500000, 0x0000000084600000, 0x0000000084600000|100%| O|  |TAMS 0x0000000084600000, 0x0000000084600000| Untracked 
|  70|0x0000000084600000, 0x0000000084700000, 0x0000000084700000|100%| O|  |TAMS 0x0000000084700000, 0x0000000084700000| Untracked 
|  71|0x0000000084700000, 0x0000000084800000, 0x0000000084800000|100%| O|  |TAMS 0x0000000084800000, 0x0000000084800000| Untracked 
|  72|0x0000000084800000, 0x0000000084900000, 0x0000000084900000|100%| O|  |TAMS 0x0000000084900000, 0x0000000084900000| Untracked 
|  73|0x0000000084900000, 0x0000000084a00000, 0x0000000084a00000|100%| O|  |TAMS 0x0000000084942c00, 0x0000000084a00000| Untracked 
|  74|0x0000000084a00000, 0x0000000084b00000, 0x0000000084b00000|100%| O|  |TAMS 0x0000000084a00000, 0x0000000084b00000| Untracked 
|  75|0x0000000084b00000, 0x0000000084c00000, 0x0000000084c00000|100%| O|  |TAMS 0x0000000084b00000, 0x0000000084c00000| Untracked 
|  76|0x0000000084c00000, 0x0000000084d00000, 0x0000000084d00000|100%| O|  |TAMS 0x0000000084c00000, 0x0000000084d00000| Untracked 
|  77|0x0000000084d00000, 0x0000000084e00000, 0x0000000084e00000|100%| O|  |TAMS 0x0000000084d00000, 0x0000000084e00000| Untracked 
|  78|0x0000000084e00000, 0x0000000084f00000, 0x0000000084f00000|100%| O|  |TAMS 0x0000000084e00000, 0x0000000084f00000| Untracked 
|  79|0x0000000084f00000, 0x0000000085000000, 0x0000000085000000|100%| O|  |TAMS 0x0000000084f00000, 0x0000000085000000| Untracked 
|  80|0x0000000085000000, 0x0000000085100000, 0x0000000085100000|100%| O|  |TAMS 0x0000000085000000, 0x0000000085100000| Untracked 
|  81|0x0000000085100000, 0x0000000085200000, 0x0000000085200000|100%| O|  |TAMS 0x0000000085100000, 0x0000000085200000| Untracked 
|  82|0x0000000085200000, 0x0000000085300000, 0x0000000085300000|100%| O|  |TAMS 0x0000000085200000, 0x0000000085300000| Untracked 
|  83|0x0000000085300000, 0x0000000085400000, 0x0000000085400000|100%| O|  |TAMS 0x0000000085300000, 0x0000000085400000| Untracked 
|  84|0x0000000085400000, 0x0000000085500000, 0x0000000085500000|100%| O|  |TAMS 0x0000000085400000, 0x0000000085500000| Untracked 
|  85|0x0000000085500000, 0x0000000085600000, 0x0000000085600000|100%| O|  |TAMS 0x0000000085500000, 0x0000000085600000| Untracked 
|  86|0x0000000085600000, 0x0000000085700000, 0x0000000085700000|100%| O|  |TAMS 0x0000000085600000, 0x0000000085700000| Untracked 
|  87|0x0000000085700000, 0x0000000085800000, 0x0000000085800000|100%| O|  |TAMS 0x0000000085700000, 0x0000000085800000| Untracked 
|  88|0x0000000085800000, 0x0000000085849000, 0x0000000085900000| 28%| O|  |TAMS 0x0000000085800000, 0x0000000085849000| Untracked 
|  89|0x0000000085900000, 0x0000000085900000, 0x0000000085a00000|  0%| F|  |TAMS 0x0000000085900000, 0x0000000085900000| Untracked 
|  90|0x0000000085a00000, 0x0000000085a00000, 0x0000000085b00000|  0%| F|  |TAMS 0x0000000085a00000, 0x0000000085a00000| Untracked 
|  91|0x0000000085b00000, 0x0000000085b00000, 0x0000000085c00000|  0%| F|  |TAMS 0x0000000085b00000, 0x0000000085b00000| Untracked 
|  92|0x0000000085c00000, 0x0000000085c00000, 0x0000000085d00000|  0%| F|  |TAMS 0x0000000085c00000, 0x0000000085c00000| Untracked 
|  93|0x0000000085d00000, 0x0000000085d00000, 0x0000000085e00000|  0%| F|  |TAMS 0x0000000085d00000, 0x0000000085d00000| Untracked 
|  94|0x0000000085e00000, 0x0000000085e00000, 0x0000000085f00000|  0%| F|  |TAMS 0x0000000085e00000, 0x0000000085e00000| Untracked 
|  95|0x0000000085f00000, 0x0000000085f00000, 0x0000000086000000|  0%| F|  |TAMS 0x0000000085f00000, 0x0000000085f00000| Untracked 
|  96|0x0000000086000000, 0x0000000086000000, 0x0000000086100000|  0%| F|  |TAMS 0x0000000086000000, 0x0000000086000000| Untracked 
|  97|0x0000000086100000, 0x0000000086100000, 0x0000000086200000|  0%| F|  |TAMS 0x0000000086100000, 0x0000000086100000| Untracked 
|  98|0x0000000086200000, 0x0000000086200000, 0x0000000086300000|  0%| F|  |TAMS 0x0000000086200000, 0x0000000086200000| Untracked 
|  99|0x0000000086300000, 0x0000000086300000, 0x0000000086400000|  0%| F|  |TAMS 0x0000000086300000, 0x0000000086300000| Untracked 
| 100|0x0000000086400000, 0x0000000086400000, 0x0000000086500000|  0%| F|  |TAMS 0x0000000086400000, 0x0000000086400000| Untracked 
| 101|0x0000000086500000, 0x0000000086500000, 0x0000000086600000|  0%| F|  |TAMS 0x0000000086500000, 0x0000000086500000| Untracked 
| 102|0x0000000086600000, 0x0000000086600000, 0x0000000086700000|  0%| F|  |TAMS 0x0000000086600000, 0x0000000086600000| Untracked 
| 103|0x0000000086700000, 0x0000000086700000, 0x0000000086800000|  0%| F|  |TAMS 0x0000000086700000, 0x0000000086700000| Untracked 
| 104|0x0000000086800000, 0x0000000086800000, 0x0000000086900000|  0%| F|  |TAMS 0x0000000086800000, 0x0000000086800000| Untracked 
| 105|0x0000000086900000, 0x0000000086900000, 0x0000000086a00000|  0%| F|  |TAMS 0x0000000086900000, 0x0000000086900000| Untracked 
| 106|0x0000000086a00000, 0x0000000086a00000, 0x0000000086b00000|  0%| F|  |TAMS 0x0000000086a00000, 0x0000000086a00000| Untracked 
| 107|0x0000000086b00000, 0x0000000086b00000, 0x0000000086c00000|  0%| F|  |TAMS 0x0000000086b00000, 0x0000000086b00000| Untracked 
| 108|0x0000000086c00000, 0x0000000086c00000, 0x0000000086d00000|  0%| F|  |TAMS 0x0000000086c00000, 0x0000000086c00000| Untracked 
| 109|0x0000000086d00000, 0x0000000086d00000, 0x0000000086e00000|  0%| F|  |TAMS 0x0000000086d00000, 0x0000000086d00000| Untracked 
| 110|0x0000000086e00000, 0x0000000086e00000, 0x0000000086f00000|  0%| F|  |TAMS 0x0000000086e00000, 0x0000000086e00000| Untracked 
| 111|0x0000000086f00000, 0x0000000086f00000, 0x0000000087000000|  0%| F|  |TAMS 0x0000000086f00000, 0x0000000086f00000| Untracked 
| 112|0x0000000087000000, 0x0000000087000000, 0x0000000087100000|  0%| F|  |TAMS 0x0000000087000000, 0x0000000087000000| Untracked 
| 113|0x0000000087100000, 0x0000000087100000, 0x0000000087200000|  0%| F|  |TAMS 0x0000000087100000, 0x0000000087100000| Untracked 
| 114|0x0000000087200000, 0x0000000087200000, 0x0000000087300000|  0%| F|  |TAMS 0x0000000087200000, 0x0000000087200000| Untracked 
| 115|0x0000000087300000, 0x0000000087300000, 0x0000000087400000|  0%| F|  |TAMS 0x0000000087300000, 0x0000000087300000| Untracked 
| 116|0x0000000087400000, 0x0000000087400000, 0x0000000087500000|  0%| F|  |TAMS 0x0000000087400000, 0x0000000087400000| Untracked 
| 117|0x0000000087500000, 0x0000000087500000, 0x0000000087600000|  0%| F|  |TAMS 0x0000000087500000, 0x0000000087500000| Untracked 
| 118|0x0000000087600000, 0x0000000087600000, 0x0000000087700000|  0%| F|  |TAMS 0x0000000087600000, 0x0000000087600000| Untracked 
| 119|0x0000000087700000, 0x0000000087700000, 0x0000000087800000|  0%| F|  |TAMS 0x0000000087700000, 0x0000000087700000| Untracked 
| 120|0x0000000087800000, 0x0000000087800000, 0x0000000087900000|  0%| F|  |TAMS 0x0000000087800000, 0x0000000087800000| Untracked 
| 121|0x0000000087900000, 0x0000000087900000, 0x0000000087a00000|  0%| F|  |TAMS 0x0000000087900000, 0x0000000087900000| Untracked 
| 122|0x0000000087a00000, 0x0000000087a00000, 0x0000000087b00000|  0%| F|  |TAMS 0x0000000087a00000, 0x0000000087a00000| Untracked 
| 123|0x0000000087b00000, 0x0000000087b00000, 0x0000000087c00000|  0%| F|  |TAMS 0x0000000087b00000, 0x0000000087b00000| Untracked 
| 124|0x0000000087c00000, 0x0000000087c00000, 0x0000000087d00000|  0%| F|  |TAMS 0x0000000087c00000, 0x0000000087c00000| Untracked 
| 125|0x0000000087d00000, 0x0000000087d00000, 0x0000000087e00000|  0%| F|  |TAMS 0x0000000087d00000, 0x0000000087d00000| Untracked 
| 126|0x0000000087e00000, 0x0000000087e00000, 0x0000000087f00000|  0%| F|  |TAMS 0x0000000087e00000, 0x0000000087e00000| Untracked 
| 127|0x0000000087f00000, 0x0000000087fbad90, 0x0000000088000000| 72%| S|CS|TAMS 0x0000000087f00000, 0x0000000087f00000| Complete 
| 128|0x0000000088000000, 0x0000000088100000, 0x0000000088100000|100%| S|CS|TAMS 0x0000000088000000, 0x0000000088000000| Complete 
| 129|0x0000000088100000, 0x0000000088100000, 0x0000000088200000|  0%| F|  |TAMS 0x0000000088100000, 0x0000000088100000| Untracked 
| 130|0x0000000088200000, 0x0000000088200000, 0x0000000088300000|  0%| F|  |TAMS 0x0000000088200000, 0x0000000088200000| Untracked 
| 131|0x0000000088300000, 0x0000000088300000, 0x0000000088400000|  0%| F|  |TAMS 0x0000000088300000, 0x0000000088300000| Untracked 
| 132|0x0000000088400000, 0x0000000088400000, 0x0000000088500000|  0%| F|  |TAMS 0x0000000088400000, 0x0000000088400000| Untracked 
| 133|0x0000000088500000, 0x0000000088500000, 0x0000000088600000|  0%| F|  |TAMS 0x0000000088500000, 0x0000000088500000| Untracked 
| 134|0x0000000088600000, 0x0000000088600000, 0x0000000088700000|  0%| F|  |TAMS 0x0000000088600000, 0x0000000088600000| Untracked 
| 135|0x0000000088700000, 0x0000000088700000, 0x0000000088800000|  0%| F|  |TAMS 0x0000000088700000, 0x0000000088700000| Untracked 
| 136|0x0000000088800000, 0x0000000088800000, 0x0000000088900000|  0%| F|  |TAMS 0x0000000088800000, 0x0000000088800000| Untracked 
| 137|0x0000000088900000, 0x0000000088900000, 0x0000000088a00000|  0%| F|  |TAMS 0x0000000088900000, 0x0000000088900000| Untracked 
| 138|0x0000000088a00000, 0x0000000088a00000, 0x0000000088b00000|  0%| F|  |TAMS 0x0000000088a00000, 0x0000000088a00000| Untracked 
| 139|0x0000000088b00000, 0x0000000088b00000, 0x0000000088c00000|  0%| F|  |TAMS 0x0000000088b00000, 0x0000000088b00000| Untracked 
| 140|0x0000000088c00000, 0x0000000088c00000, 0x0000000088d00000|  0%| F|  |TAMS 0x0000000088c00000, 0x0000000088c00000| Untracked 
| 141|0x0000000088d00000, 0x0000000088d00000, 0x0000000088e00000|  0%| F|  |TAMS 0x0000000088d00000, 0x0000000088d00000| Untracked 
| 142|0x0000000088e00000, 0x0000000088e00000, 0x0000000088f00000|  0%| F|  |TAMS 0x0000000088e00000, 0x0000000088e00000| Untracked 
| 143|0x0000000088f00000, 0x0000000088f00000, 0x0000000089000000|  0%| F|  |TAMS 0x0000000088f00000, 0x0000000088f00000| Untracked 
| 144|0x0000000089000000, 0x0000000089000000, 0x0000000089100000|  0%| F|  |TAMS 0x0000000089000000, 0x0000000089000000| Untracked 
| 145|0x0000000089100000, 0x0000000089100000, 0x0000000089200000|  0%| F|  |TAMS 0x0000000089100000, 0x0000000089100000| Untracked 
| 146|0x0000000089200000, 0x0000000089200000, 0x0000000089300000|  0%| F|  |TAMS 0x0000000089200000, 0x0000000089200000| Untracked 
| 147|0x0000000089300000, 0x0000000089300000, 0x0000000089400000|  0%| F|  |TAMS 0x0000000089300000, 0x0000000089300000| Untracked 
| 148|0x0000000089400000, 0x0000000089400000, 0x0000000089500000|  0%| F|  |TAMS 0x0000000089400000, 0x0000000089400000| Untracked 
| 149|0x0000000089500000, 0x0000000089500000, 0x0000000089600000|  0%| F|  |TAMS 0x0000000089500000, 0x0000000089500000| Untracked 
| 150|0x0000000089600000, 0x0000000089600000, 0x0000000089700000|  0%| F|  |TAMS 0x0000000089600000, 0x0000000089600000| Untracked 
| 151|0x0000000089700000, 0x0000000089700000, 0x0000000089800000|  0%| F|  |TAMS 0x0000000089700000, 0x0000000089700000| Untracked 
| 152|0x0000000089800000, 0x0000000089800000, 0x0000000089900000|  0%| F|  |TAMS 0x0000000089800000, 0x0000000089800000| Untracked 
| 153|0x0000000089900000, 0x0000000089900000, 0x0000000089a00000|  0%| F|  |TAMS 0x0000000089900000, 0x0000000089900000| Untracked 
| 154|0x0000000089a00000, 0x0000000089a00000, 0x0000000089b00000|  0%| F|  |TAMS 0x0000000089a00000, 0x0000000089a00000| Untracked 
| 155|0x0000000089b00000, 0x0000000089b00000, 0x0000000089c00000|  0%| F|  |TAMS 0x0000000089b00000, 0x0000000089b00000| Untracked 
| 156|0x0000000089c00000, 0x0000000089c00000, 0x0000000089d00000|  0%| F|  |TAMS 0x0000000089c00000, 0x0000000089c00000| Untracked 
| 157|0x0000000089d00000, 0x0000000089d00000, 0x0000000089e00000|  0%| F|  |TAMS 0x0000000089d00000, 0x0000000089d00000| Untracked 
| 158|0x0000000089e00000, 0x0000000089e00000, 0x0000000089f00000|  0%| F|  |TAMS 0x0000000089e00000, 0x0000000089e00000| Untracked 
| 159|0x0000000089f00000, 0x0000000089f00000, 0x000000008a000000|  0%| F|  |TAMS 0x0000000089f00000, 0x0000000089f00000| Untracked 
| 160|0x000000008a000000, 0x000000008a000000, 0x000000008a100000|  0%| F|  |TAMS 0x000000008a000000, 0x000000008a000000| Untracked 
| 161|0x000000008a100000, 0x000000008a100000, 0x000000008a200000|  0%| F|  |TAMS 0x000000008a100000, 0x000000008a100000| Untracked 
| 162|0x000000008a200000, 0x000000008a200000, 0x000000008a300000|  0%| F|  |TAMS 0x000000008a200000, 0x000000008a200000| Untracked 
| 163|0x000000008a300000, 0x000000008a300000, 0x000000008a400000|  0%| F|  |TAMS 0x000000008a300000, 0x000000008a300000| Untracked 
| 164|0x000000008a400000, 0x000000008a400000, 0x000000008a500000|  0%| F|  |TAMS 0x000000008a400000, 0x000000008a400000| Untracked 
| 165|0x000000008a500000, 0x000000008a500000, 0x000000008a600000|  0%| F|  |TAMS 0x000000008a500000, 0x000000008a500000| Untracked 
| 166|0x000000008a600000, 0x000000008a600000, 0x000000008a700000|  0%| F|  |TAMS 0x000000008a600000, 0x000000008a600000| Untracked 
| 167|0x000000008a700000, 0x000000008a700000, 0x000000008a800000|  0%| F|  |TAMS 0x000000008a700000, 0x000000008a700000| Untracked 
| 168|0x000000008a800000, 0x000000008a800000, 0x000000008a900000|  0%| F|  |TAMS 0x000000008a800000, 0x000000008a800000| Untracked 
| 169|0x000000008a900000, 0x000000008a96afc0, 0x000000008aa00000| 41%| E|  |TAMS 0x000000008a900000, 0x000000008a900000| Complete 
| 170|0x000000008aa00000, 0x000000008ab00000, 0x000000008ab00000|100%| E|CS|TAMS 0x000000008aa00000, 0x000000008aa00000| Complete 
| 171|0x000000008ab00000, 0x000000008ac00000, 0x000000008ac00000|100%| E|CS|TAMS 0x000000008ab00000, 0x000000008ab00000| Complete 
| 172|0x000000008ac00000, 0x000000008ad00000, 0x000000008ad00000|100%| E|CS|TAMS 0x000000008ac00000, 0x000000008ac00000| Complete 
| 173|0x000000008ad00000, 0x000000008ae00000, 0x000000008ae00000|100%| E|CS|TAMS 0x000000008ad00000, 0x000000008ad00000| Complete 
| 174|0x000000008ae00000, 0x000000008af00000, 0x000000008af00000|100%| E|CS|TAMS 0x000000008ae00000, 0x000000008ae00000| Complete 
| 175|0x000000008af00000, 0x000000008b000000, 0x000000008b000000|100%| E|CS|TAMS 0x000000008af00000, 0x000000008af00000| Complete 
| 176|0x000000008b000000, 0x000000008b100000, 0x000000008b100000|100%| E|CS|TAMS 0x000000008b000000, 0x000000008b000000| Complete 
| 177|0x000000008b100000, 0x000000008b200000, 0x000000008b200000|100%| E|CS|TAMS 0x000000008b100000, 0x000000008b100000| Complete 
| 178|0x000000008b200000, 0x000000008b300000, 0x000000008b300000|100%| E|CS|TAMS 0x000000008b200000, 0x000000008b200000| Complete 
| 179|0x000000008b300000, 0x000000008b400000, 0x000000008b400000|100%| E|CS|TAMS 0x000000008b300000, 0x000000008b300000| Complete 
| 180|0x000000008b400000, 0x000000008b500000, 0x000000008b500000|100%| E|CS|TAMS 0x000000008b400000, 0x000000008b400000| Complete 
| 181|0x000000008b500000, 0x000000008b600000, 0x000000008b600000|100%| E|CS|TAMS 0x000000008b500000, 0x000000008b500000| Complete 
| 182|0x000000008b600000, 0x000000008b700000, 0x000000008b700000|100%| E|CS|TAMS 0x000000008b600000, 0x000000008b600000| Complete 

Card table byte_map: [0x00000203ef810000,0x00000203efc10000] _byte_map_base: 0x00000203ef410000

Marking Bits (Prev, Next): (CMBitMap*) 0x00000203dcadcea0, (CMBitMap*) 0x00000203dcadce68
 Prev Bits: [0x00000203f2010000, 0x00000203f4010000)
 Next Bits: [0x00000203f0010000, 0x00000203f2010000)

Polling page: 0x00000203da930000

Metaspace:

Usage:
  Non-class:     70.02 MB capacity,    68.66 MB ( 98%) used,     1.16 MB (  2%) free+waste,   206.50 KB ( <1%) overhead. 
      Class:     10.92 MB capacity,    10.16 MB ( 93%) used,   682.45 KB (  6%) free+waste,    94.94 KB ( <1%) overhead. 
       Both:     80.94 MB capacity,    78.82 MB ( 97%) used,     1.82 MB (  2%) free+waste,   301.44 KB ( <1%) overhead. 

Virtual space:
  Non-class space:       72.00 MB reserved,      70.25 MB ( 98%) committed 
      Class space:        1.00 GB reserved,      11.00 MB (  1%) committed 
             Both:        1.07 GB reserved,      81.25 MB (  7%) committed 

Chunk freelists:
   Non-Class:  43.00 KB
       Class:  16.00 KB
        Both:  59.00 KB

MaxMetaspaceSize: 17179869184.00 GB
CompressedClassSpaceSize: 1.00 GB

CodeHeap 'non-profiled nmethods': size=120064Kb used=6180Kb max_used=6180Kb free=113883Kb
 bounds [0x00000203e7ed0000, 0x00000203e84e0000, 0x00000203ef410000]
CodeHeap 'profiled nmethods': size=120000Kb used=22018Kb max_used=22018Kb free=97981Kb
 bounds [0x00000203e09a0000, 0x00000203e1f30000, 0x00000203e7ed0000]
CodeHeap 'non-nmethods': size=5696Kb used=2264Kb max_used=2317Kb free=3431Kb
 bounds [0x00000203e0410000, 0x00000203e0680000, 0x00000203e09a0000]
 total_blobs=11054 nmethods=10197 adapters=768
 compilation: enabled
              stopped_count=0, restarted_count=0
 full_count=0

Compilation events (20 events):
Event: 23.288 Thread 0x00000203f6521800 nmethod 10481 0x00000203e1f1d810 code [0x00000203e1f1d9c0, 0x00000203e1f1db78]
Event: 23.288 Thread 0x00000203f6521800 10483       3       org.gradle.api.internal.attributes.DefaultImmutableAttributes::getAttributes (2 bytes)
Event: 23.288 Thread 0x00000203f6521800 nmethod 10483 0x00000203e1f1dc90 code [0x00000203e1f1de40, 0x00000203e1f1df38]
Event: 23.290 Thread 0x00000203f6521800 10485       3       org.gradle.api.internal.provider.AbstractMinimalProvider::getOrNull (13 bytes)
Event: 23.290 Thread 0x00000203f6521800 nmethod 10485 0x00000203e1f1e010 code [0x00000203e1f1e1e0, 0x00000203e1f1e458]
Event: 23.292 Thread 0x00000203f6521800 10488       3       java.lang.Class::getSimpleName0 (62 bytes)
Event: 23.294 Thread 0x00000203f6521800 nmethod 10488 0x00000203e1f1e510 code [0x00000203e1f1e8a0, 0x00000203e1f1fb88]
Event: 23.294 Thread 0x00000203fc969800 10487       4       org.gradle.tooling.internal.provider.runner.SubtreeFilteringBuildOperationListener::started (118 bytes)
Event: 23.297 Thread 0x00000203f6521800 10490   !   3       org.gradle.internal.resources.DefaultResourceLockCoordinationService::withStateLock (264 bytes)
Event: 23.299 Thread 0x00000203f6521800 nmethod 10490 0x00000203e1f20210 code [0x00000203e1f206a0, 0x00000203e1f229e8]
Event: 23.315 Thread 0x00000203fc969800 nmethod 10487 0x00000203e84bed10 code [0x00000203e84bef60, 0x00000203e84bfb20]
Event: 23.315 Thread 0x00000203fc969800 10484       4       org.gradle.api.internal.artifacts.transform.ConsumerProvidedVariantFinder::getCache (41 bytes)
Event: 23.322 Thread 0x00000203fc969800 nmethod 10484 0x00000203e84c0410 code [0x00000203e84c0600, 0x00000203e84c0a18]
Event: 23.322 Thread 0x00000203fc969800 10474       4       com.google.common.collect.Hashing::smear (19 bytes)
Event: 23.323 Thread 0x00000203fc969800 nmethod 10474 0x00000203e84c0e90 code [0x00000203e84c1020, 0x00000203e84c1078]
Event: 23.323 Thread 0x00000203fc969800 10489       4       org.gradle.api.internal.artifacts.transform.DefaultTransformerInvocationFactory$ImmutableTransformationWorkspaceIdentity::hashCode (36 bytes)
Event: 23.326 Thread 0x00000203fc969800 nmethod 10489 0x00000203e84c1110 code [0x00000203e84c12c0, 0x00000203e84c14d8]
Event: 23.326 Thread 0x00000203fc969800 10471   !   4       org.gradle.internal.snapshot.impl.DirectorySnapshotter$PathVisitor::snapshotFile (114 bytes)
Event: 23.334 Thread 0x00000203f6521800 10492       3       com.google.common.collect.CompactHashMap$Itr::<init> (6 bytes)
Event: 23.334 Thread 0x00000203f6521800 nmethod 10492 0x00000203e1f23d90 code [0x00000203e1f23f40, 0x00000203e1f24068]

GC Heap History (20 events):
Event: 11.470 GC heap before
{Heap before GC invocations=24 (full 0):
 garbage-first heap   total 129024K, used 97767K [0x0000000080000000, 0x0000000100000000)
  region size 1024K, 44 young (45056K), 6 survivors (6144K)
 Metaspace       used 71018K, capacity 72813K, committed 72960K, reserved 1112064K
  class space    used 9325K, capacity 9970K, committed 9984K, reserved 1048576K
}
Event: 11.483 GC heap after
{Heap after GC invocations=25 (full 0):
 garbage-first heap   total 129024K, used 61652K [0x0000000080000000, 0x0000000100000000)
  region size 1024K, 3 young (3072K), 3 survivors (3072K)
 Metaspace       used 71018K, capacity 72813K, committed 72960K, reserved 1112064K
  class space    used 9325K, capacity 9970K, committed 9984K, reserved 1048576K
}
Event: 12.473 GC heap before
{Heap before GC invocations=25 (full 0):
 garbage-first heap   total 129024K, used 98516K [0x0000000080000000, 0x0000000100000000)
  region size 1024K, 40 young (40960K), 3 survivors (3072K)
 Metaspace       used 73663K, capacity 75590K, committed 75776K, reserved 1114112K
  class space    used 9677K, capacity 10404K, committed 10496K, reserved 1048576K
}
Event: 12.485 GC heap after
{Heap after GC invocations=26 (full 0):
 garbage-first heap   total 129024K, used 64758K [0x0000000080000000, 0x0000000100000000)
  region size 1024K, 5 young (5120K), 5 survivors (5120K)
 Metaspace       used 73663K, capacity 75590K, committed 75776K, reserved 1114112K
  class space    used 9677K, capacity 10404K, committed 10496K, reserved 1048576K
}
Event: 13.400 GC heap before
{Heap before GC invocations=27 (full 0):
 garbage-first heap   total 129024K, used 101622K [0x0000000080000000, 0x0000000100000000)
  region size 1024K, 42 young (43008K), 5 survivors (5120K)
 Metaspace       used 74929K, capacity 76873K, committed 76928K, reserved 1116160K
  class space    used 9813K, capacity 10583K, committed 10624K, reserved 1048576K
}
Event: 13.416 GC heap after
{Heap after GC invocations=28 (full 0):
 garbage-first heap   total 155648K, used 68608K [0x0000000080000000, 0x0000000100000000)
  region size 1024K, 6 young (6144K), 6 survivors (6144K)
 Metaspace       used 74929K, capacity 76873K, committed 76928K, reserved 1116160K
  class space    used 9813K, capacity 10583K, committed 10624K, reserved 1048576K
}
Event: 14.091 GC heap before
{Heap before GC invocations=28 (full 0):
 garbage-first heap   total 155648K, used 111616K [0x0000000080000000, 0x0000000100000000)
  region size 1024K, 49 young (50176K), 6 survivors (6144K)
 Metaspace       used 75215K, capacity 77280K, committed 77440K, reserved 1116160K
  class space    used 9813K, capacity 10583K, committed 10624K, reserved 1048576K
}
Event: 14.106 GC heap after
{Heap after GC invocations=29 (full 0):
 garbage-first heap   total 155648K, used 71967K [0x0000000080000000, 0x0000000100000000)
  region size 1024K, 7 young (7168K), 7 survivors (7168K)
 Metaspace       used 75215K, capacity 77280K, committed 77440K, reserved 1116160K
  class space    used 9813K, capacity 10583K, committed 10624K, reserved 1048576K
}
Event: 14.765 GC heap before
{Heap before GC invocations=29 (full 0):
 garbage-first heap   total 155648K, used 118047K [0x0000000080000000, 0x0000000100000000)
  region size 1024K, 52 young (53248K), 7 survivors (7168K)
 Metaspace       used 75597K, capacity 77635K, committed 77696K, reserved 1116160K
  class space    used 9835K, capacity 10598K, committed 10624K, reserved 1048576K
}
Event: 14.781 GC heap after
{Heap after GC invocations=30 (full 0):
 garbage-first heap   total 155648K, used 75316K [0x0000000080000000, 0x0000000100000000)
  region size 1024K, 7 young (7168K), 7 survivors (7168K)
 Metaspace       used 75597K, capacity 77635K, committed 77696K, reserved 1116160K
  class space    used 9835K, capacity 10598K, committed 10624K, reserved 1048576K
}
Event: 15.540 GC heap before
{Heap before GC invocations=30 (full 0):
 garbage-first heap   total 155648K, used 121396K [0x0000000080000000, 0x0000000100000000)
  region size 1024K, 53 young (54272K), 7 survivors (7168K)
 Metaspace       used 75737K, capacity 77854K, committed 77952K, reserved 1116160K
  class space    used 9838K, capacity 10600K, committed 10624K, reserved 1048576K
}
Event: 15.552 GC heap after
{Heap after GC invocations=31 (full 0):
 garbage-first heap   total 155648K, used 77824K [0x0000000080000000, 0x0000000100000000)
  region size 1024K, 6 young (6144K), 6 survivors (6144K)
 Metaspace       used 75737K, capacity 77854K, committed 77952K, reserved 1116160K
  class space    used 9838K, capacity 10600K, committed 10624K, reserved 1048576K
}
Event: 16.202 GC heap before
{Heap before GC invocations=31 (full 0):
 garbage-first heap   total 155648K, used 124928K [0x0000000080000000, 0x0000000100000000)
  region size 1024K, 53 young (54272K), 6 survivors (6144K)
 Metaspace       used 75845K, capacity 77913K, committed 77952K, reserved 1116160K
  class space    used 9848K, capacity 10610K, committed 10624K, reserved 1048576K
}
Event: 16.216 GC heap after
{Heap after GC invocations=32 (full 0):
 garbage-first heap   total 187392K, used 81163K [0x0000000080000000, 0x0000000100000000)
  region size 1024K, 6 young (6144K), 6 survivors (6144K)
 Metaspace       used 75845K, capacity 77913K, committed 77952K, reserved 1116160K
  class space    used 9848K, capacity 10610K, committed 10624K, reserved 1048576K
}
Event: 16.982 GC heap before
{Heap before GC invocations=33 (full 0):
 garbage-first heap   total 187392K, used 135435K [0x0000000080000000, 0x0000000100000000)
  region size 1024K, 60 young (61440K), 6 survivors (6144K)
 Metaspace       used 78520K, capacity 80486K, committed 80896K, reserved 1120256K
  class space    used 10179K, capacity 10893K, committed 11008K, reserved 1048576K
}
Event: 16.995 GC heap after
{Heap after GC invocations=34 (full 0):
 garbage-first heap   total 187392K, used 83712K [0x0000000080000000, 0x0000000100000000)
  region size 1024K, 6 young (6144K), 6 survivors (6144K)
 Metaspace       used 78520K, capacity 80486K, committed 80896K, reserved 1120256K
  class space    used 10179K, capacity 10893K, committed 11008K, reserved 1048576K
}
Event: 20.806 GC heap before
{Heap before GC invocations=34 (full 0):
 garbage-first heap   total 187392K, used 142080K [0x0000000080000000, 0x0000000100000000)
  region size 1024K, 64 young (65536K), 6 survivors (6144K)
 Metaspace       used 80007K, capacity 82169K, committed 82432K, reserved 1120256K
  class space    used 10345K, capacity 11137K, committed 11264K, reserved 1048576K
}
Event: 20.829 GC heap after
{Heap after GC invocations=35 (full 0):
 garbage-first heap   total 187392K, used 93161K [0x0000000080000000, 0x0000000100000000)
  region size 1024K, 8 young (8192K), 8 survivors (8192K)
 Metaspace       used 80007K, capacity 82169K, committed 82432K, reserved 1120256K
  class space    used 10345K, capacity 11137K, committed 11264K, reserved 1048576K
}
Event: 23.265 GC heap before
{Heap before GC invocations=35 (full 0):
 garbage-first heap   total 187392K, used 147433K [0x0000000080000000, 0x0000000100000000)
  region size 1024K, 62 young (63488K), 8 survivors (8192K)
 Metaspace       used 80701K, capacity 82885K, committed 83200K, reserved 1122304K
  class space    used 10405K, capacity 11184K, committed 11264K, reserved 1048576K
}
Event: 23.287 GC heap after
{Heap after GC invocations=36 (full 0):
 garbage-first heap   total 187392K, used 92175K [0x0000000080000000, 0x0000000100000000)
  region size 1024K, 2 young (2048K), 2 survivors (2048K)
 Metaspace       used 80701K, capacity 82885K, committed 83200K, reserved 1122304K
  class space    used 10405K, capacity 11184K, committed 11264K, reserved 1048576K
}

Deoptimization events (20 events):
Event: 21.159 Thread 0x00000203f9181800 DEOPT PACKING pc=0x00000203e848cc64 sp=0x000000bd4f1fdd20
Event: 21.159 Thread 0x00000203f9181800 DEOPT UNPACKING pc=0x00000203e04374af sp=0x000000bd4f1fdcc8 mode 2
Event: 21.361 Thread 0x00000203f9181800 Uncommon trap: trap_request=0xffffff4d fr.pc=0x00000203e83b68c4 relative=0x00000000000037a4
Event: 21.361 Thread 0x00000203f9181800 Uncommon trap: reason=unstable_if action=reinterpret pc=0x00000203e83b68c4 method=java.nio.file.FileTreeWalker.getAttributes(Ljava/nio/file/Path;Z)Ljava/nio/file/attribute/BasicFileAttributes; @ 35 c2
Event: 21.361 Thread 0x00000203f9181800 DEOPT PACKING pc=0x00000203e83b68c4 sp=0x000000bd4f1fd540
Event: 21.361 Thread 0x00000203f9181800 DEOPT UNPACKING pc=0x00000203e04374af sp=0x000000bd4f1fd478 mode 2
Event: 21.361 Thread 0x00000203f9181800 Uncommon trap: trap_request=0xffffff4d fr.pc=0x00000203e7ef1110 relative=0x0000000000000530
Event: 21.361 Thread 0x00000203f9181800 Uncommon trap: reason=unstable_if action=reinterpret pc=0x00000203e7ef1110 method=java.lang.String.regionMatches(ZILjava/lang/String;II)Z @ 1 c2
Event: 21.361 Thread 0x00000203f9181800 DEOPT PACKING pc=0x00000203e7ef1110 sp=0x000000bd4f1fcbb0
Event: 21.361 Thread 0x00000203f9181800 DEOPT UNPACKING pc=0x00000203e04374af sp=0x000000bd4f1fcb60 mode 2
Event: 21.791 Thread 0x00000203f8f46800 DEOPT PACKING pc=0x00000203e1eea046 sp=0x000000bd481fe4c0
Event: 21.792 Thread 0x00000203f8f46800 DEOPT UNPACKING pc=0x00000203e04372ce sp=0x000000bd481fd960 mode 0
Event: 23.253 Thread 0x00000203f9181800 Uncommon trap: trap_request=0xffffffbe fr.pc=0x00000203e834cc7c relative=0x00000000000008dc
Event: 23.253 Thread 0x00000203f9181800 Uncommon trap: reason=profile_predicate action=maybe_recompile pc=0x00000203e834cc7c method=com.google.common.collect.RegularImmutableMap.createHashTable([Ljava/lang/Object;III)[I @ 99 c2
Event: 23.253 Thread 0x00000203f9181800 DEOPT PACKING pc=0x00000203e834cc7c sp=0x000000bd4f1fbfa0
Event: 23.253 Thread 0x00000203f9181800 DEOPT UNPACKING pc=0x00000203e04374af sp=0x000000bd4f1fbf20 mode 2
Event: 23.339 Thread 0x00000203f9ac5000 DEOPT PACKING pc=0x00000203e1f12444 sp=0x000000bd48afdb70
Event: 23.339 Thread 0x00000203f9ac5000 DEOPT UNPACKING pc=0x00000203e04372ce sp=0x000000bd48afd110 mode 0
Event: 23.437 Thread 0x00000203f9ac7000 DEOPT PACKING pc=0x00000203e1f12444 sp=0x000000bd489fd200
Event: 23.437 Thread 0x00000203f9ac7000 DEOPT UNPACKING pc=0x00000203e04372ce sp=0x000000bd489fc7a0 mode 0

Classes redefined (0 events):
No events

Internal exceptions (20 events):
Event: 16.635 Thread 0x00000203f9181800 Exception <a 'java/lang/NoSuchMethodError'{0x0000000089b0e340}: 'void java.lang.invoke.DirectMethodHandle$Holder.invokeVirtual(java.lang.Object, java.lang.Object)'> (0x0000000089b0e340) thrown at [./src/hotspot/share/interpreter/linkResolver.cpp, line 773]
Event: 16.659 Thread 0x00000203f9181800 Exception <a 'sun/nio/fs/WindowsException'{0x0000000089bd9508}> (0x0000000089bd9508) thrown at [./src/hotspot/share/prims/jni.cpp, line 615]
Event: 16.659 Thread 0x00000203f9181800 Exception <a 'sun/nio/fs/WindowsException'{0x0000000089bda158}> (0x0000000089bda158) thrown at [./src/hotspot/share/prims/jni.cpp, line 615]
Event: 16.661 Thread 0x00000203f9181800 Exception <a 'sun/nio/fs/WindowsException'{0x0000000089bdada8}> (0x0000000089bdada8) thrown at [./src/hotspot/share/prims/jni.cpp, line 615]
Event: 16.661 Thread 0x00000203f9181800 Exception <a 'sun/nio/fs/WindowsException'{0x0000000089bdb9d8}> (0x0000000089bdb9d8) thrown at [./src/hotspot/share/prims/jni.cpp, line 615]
Event: 17.112 Thread 0x00000203f9181800 Exception <a 'java/lang/NoSuchMethodError'{0x000000008b06a408}: <clinit>> (0x000000008b06a408) thrown at [./src/hotspot/share/prims/jni.cpp, line 1362]
Event: 17.116 Thread 0x00000203f9181800 Exception <a 'java/lang/NoSuchMethodError'{0x000000008b0861e0}: <clinit>> (0x000000008b0861e0) thrown at [./src/hotspot/share/prims/jni.cpp, line 1362]
Event: 17.117 Thread 0x00000203f9181800 Exception <a 'java/lang/NoSuchMethodError'{0x000000008b09cb80}: <clinit>> (0x000000008b09cb80) thrown at [./src/hotspot/share/prims/jni.cpp, line 1362]
Event: 17.118 Thread 0x00000203f9181800 Exception <a 'java/lang/NoSuchMethodError'{0x000000008b0ac680}: <clinit>> (0x000000008b0ac680) thrown at [./src/hotspot/share/prims/jni.cpp, line 1362]
Event: 17.121 Thread 0x00000203f9181800 Exception <a 'java/lang/NoSuchMethodError'{0x000000008b0def28}: <clinit>> (0x000000008b0def28) thrown at [./src/hotspot/share/prims/jni.cpp, line 1362]
Event: 17.133 Thread 0x00000203f9181800 Exception <a 'java/lang/NoSuchMethodError'{0x000000008afa48c8}: <clinit>> (0x000000008afa48c8) thrown at [./src/hotspot/share/prims/jni.cpp, line 1362]
Event: 17.181 Thread 0x00000203f9182800 Exception <a 'java/lang/NoSuchMethodError'{0x000000008ad219a8}: 'void java.lang.invoke.DirectMethodHandle$Holder.invokeStatic(java.lang.Object, long)'> (0x000000008ad219a8) thrown at [./src/hotspot/share/interpreter/linkResolver.cpp, line 773]
Event: 17.182 Thread 0x00000203f9182800 Exception <a 'java/lang/NoSuchMethodError'{0x000000008ad26bc0}: 'java.lang.Object java.lang.invoke.DirectMethodHandle$Holder.invokeStatic(java.lang.Object, long)'> (0x000000008ad26bc0) thrown at [./src/hotspot/share/interpreter/linkResolver.cpp, line 773]
Event: 17.184 Thread 0x00000203f9182800 Exception <a 'java/lang/NoSuchMethodError'{0x000000008ad34ef0}: 'java.lang.Object java.lang.invoke.DirectMethodHandle$Holder.invokeStaticInit(java.lang.Object, java.lang.Object, long, java.lang.Object)'> (0x000000008ad34ef0) thrown at [./src/hotspot/share/interpreter/linkResolver.cpp, line 773]
Event: 17.185 Thread 0x00000203f9182800 Exception <a 'java/lang/NoSuchMethodError'{0x000000008ad3ade0}: 'java.lang.Object java.lang.invoke.DirectMethodHandle$Holder.invokeStatic(java.lang.Object, java.lang.Object, long)'> (0x000000008ad3ade0) thrown at [./src/hotspot/share/interpreter/linkResolver.cpp, line 773]
Event: 17.185 Thread 0x00000203f9182800 Exception <a 'java/lang/NoSuchMethodError'{0x000000008ad41358}: 'java.lang.Object java.lang.invoke.Invokers$Holder.linkToTargetMethod(java.lang.Object, long, java.lang.Object)'> (0x000000008ad41358) thrown at [./src/hotspot/share/interpreter/linkResolver.cpp, line 773]
Event: 17.479 Thread 0x00000203f9182800 Exception <a 'java/lang/NoSuchMethodError'{0x000000008ab0e5d0}: 'int java.lang.invoke.DirectMethodHandle$Holder.invokeSpecialIFC(java.lang.Object, java.lang.Object, java.lang.Object)'> (0x000000008ab0e5d0) thrown at [./src/hotspot/share/interpreter/linkResolver.cpp, line 773]
Event: 20.839 Thread 0x00000203f9182800 Exception <a 'sun/nio/fs/WindowsException'{0x000000008b6363c0}> (0x000000008b6363c0) thrown at [./src/hotspot/share/prims/jni.cpp, line 615]
Event: 20.842 Thread 0x00000203f9182800 Exception <a 'sun/nio/fs/WindowsException'{0x000000008b650290}> (0x000000008b650290) thrown at [./src/hotspot/share/prims/jni.cpp, line 615]
Event: 20.842 Thread 0x00000203f9182800 Exception <a 'sun/nio/fs/WindowsException'{0x000000008b650378}> (0x000000008b650378) thrown at [./src/hotspot/share/prims/jni.cpp, line 615]

Events (20 events):
Event: 21.361 loading class org/gradle/api/tasks/util/internal/CachingPatternSpecFactory$CachingSpec$1
Event: 21.361 loading class org/gradle/api/tasks/util/internal/CachingPatternSpecFactory$CachingSpec$1 done
Event: 21.362 loading class org/gradle/api/internal/file/AttributeBasedFileVisitDetails
Event: 21.362 loading class org/gradle/api/internal/file/AttributeBasedFileVisitDetails done
Event: 21.506 Thread 0x00000203fc969800 Thread exited: 0x00000203fc969800
Event: 21.801 Thread 0x00000203fc969800 Thread added: 0x00000203fc969800
Event: 22.779 Thread 0x00000203fc969800 Thread exited: 0x00000203fc969800
Event: 23.257 loading class org/gradle/internal/Pair
Event: 23.257 loading class org/gradle/internal/Pair done
Event: 23.257 loading class org/gradle/internal/Pair
Event: 23.257 loading class org/gradle/internal/Pair done
Event: 23.258 loading class org/gradle/api/internal/attributes/AttributeContainerInternal
Event: 23.258 loading class org/gradle/api/internal/attributes/AttributeContainerInternal done
Event: 23.258 loading class org/gradle/internal/Pair
Event: 23.258 loading class org/gradle/internal/Pair done
Event: 23.258 loading class org/gradle/api/internal/attributes/AttributeContainerInternal
Event: 23.258 loading class org/gradle/api/internal/attributes/AttributeContainerInternal done
Event: 23.264 Executing VM operation: G1CollectForAllocation
Event: 23.287 Executing VM operation: G1CollectForAllocation done
Event: 23.294 Thread 0x00000203fc969800 Thread added: 0x00000203fc969800


Dynamic libraries:
0x00007ff643f30000 - 0x00007ff643f3a000 	C:\Program Files\Android\Android Studio\jre\bin\java.exe
0x00007ffb4e3c0000 - 0x00007ffb4e5b0000 	C:\Windows\SYSTEM32\ntdll.dll
0x00007ffb4daf0000 - 0x00007ffb4dba2000 	C:\Windows\System32\KERNEL32.DLL
0x00007ffb4b890000 - 0x00007ffb4bb35000 	C:\Windows\System32\KERNELBASE.dll
0x00007ffb4bbf0000 - 0x00007ffb4bcea000 	C:\Windows\System32\ucrtbase.dll
0x00007ffb475c0000 - 0x00007ffb475d9000 	C:\Program Files\Android\Android Studio\jre\bin\jli.dll
0x00007ffb470c0000 - 0x00007ffb470d7000 	C:\Program Files\Android\Android Studio\jre\bin\VCRUNTIME140.dll
0x00007ffb4df00000 - 0x00007ffb4e094000 	C:\Windows\System32\USER32.dll
0x00007ffb4a6f0000 - 0x00007ffb4a974000 	C:\Windows\WinSxS\amd64_microsoft.windows.common-controls_6595b64144ccf1df_6.0.18362.1440_none_9e7dbfb9e45e8e67\COMCTL32.dll
0x00007ffb4b4d0000 - 0x00007ffb4b4f1000 	C:\Windows\System32\win32u.dll
0x00007ffb4cae0000 - 0x00007ffb4cb7e000 	C:\Windows\System32\msvcrt.dll
0x00007ffb4cab0000 - 0x00007ffb4cad6000 	C:\Windows\System32\GDI32.dll
0x00007ffb4d3d0000 - 0x00007ffb4d706000 	C:\Windows\System32\combase.dll
0x00007ffb4b330000 - 0x00007ffb4b4c8000 	C:\Windows\System32\gdi32full.dll
0x00007ffb4c4f0000 - 0x00007ffb4c60f000 	C:\Windows\System32\RPCRT4.dll
0x00007ffb4b6b0000 - 0x00007ffb4b74e000 	C:\Windows\System32\msvcp_win.dll
0x00007ffb4bb60000 - 0x00007ffb4bbe1000 	C:\Windows\System32\bcryptPrimitives.dll
0x00007ffb4ca80000 - 0x00007ffb4caae000 	C:\Windows\System32\IMM32.DLL
0x00007ffb3f680000 - 0x00007ffb3f71d000 	C:\Program Files\Android\Android Studio\jre\bin\msvcp140.dll
0x00007ffb10b40000 - 0x00007ffb115fc000 	C:\Program Files\Android\Android Studio\jre\bin\server\jvm.dll
0x00007ffb4d710000 - 0x00007ffb4d7b3000 	C:\Windows\System32\ADVAPI32.dll
0x00007ffb4de60000 - 0x00007ffb4def7000 	C:\Windows\System32\sechost.dll
0x00007ffb4e2b0000 - 0x00007ffb4e2b8000 	C:\Windows\System32\PSAPI.DLL
0x00007ffb48d60000 - 0x00007ffb48d84000 	C:\Windows\SYSTEM32\WINMM.dll
0x00007ffb3e2b0000 - 0x00007ffb3e2ba000 	C:\Windows\SYSTEM32\VERSION.dll
0x00007ffb37230000 - 0x00007ffb37239000 	C:\Windows\SYSTEM32\WSOCK32.dll
0x00007ffb4d360000 - 0x00007ffb4d3cf000 	C:\Windows\System32\WS2_32.dll
0x00007ffb48d20000 - 0x00007ffb48d4d000 	C:\Windows\SYSTEM32\winmmbase.dll
0x00007ffb4b500000 - 0x00007ffb4b54a000 	C:\Windows\System32\cfgmgr32.dll
0x00007ffb4b2a0000 - 0x00007ffb4b2b1000 	C:\Windows\System32\kernel.appcore.dll
0x00007ffb17030000 - 0x00007ffb17041000 	C:\Program Files\Android\Android Studio\jre\bin\verify.dll
0x00007ffb4aaa0000 - 0x00007ffb4ac94000 	C:\Windows\SYSTEM32\DBGHELP.DLL
0x00007ffb4aa70000 - 0x00007ffb4aa9a000 	C:\Windows\SYSTEM32\dbgcore.DLL
0x00007ffb13120000 - 0x00007ffb13149000 	C:\Program Files\Android\Android Studio\jre\bin\java.dll
0x00007ffb37220000 - 0x00007ffb3722b000 	C:\Program Files\Android\Android Studio\jre\bin\jimage.dll
0x00007ffb13720000 - 0x00007ffb13738000 	C:\Program Files\Android\Android Studio\jre\bin\zip.dll
0x00007ffb4cba0000 - 0x00007ffb4d288000 	C:\Windows\System32\SHELL32.dll
0x00007ffb4dc60000 - 0x00007ffb4dd07000 	C:\Windows\System32\shcore.dll
0x00007ffb4bcf0000 - 0x00007ffb4c46b000 	C:\Windows\System32\windows.storage.dll
0x00007ffb4b310000 - 0x00007ffb4b32e000 	C:\Windows\System32\profapi.dll
0x00007ffb4b2c0000 - 0x00007ffb4b30a000 	C:\Windows\System32\powrprof.dll
0x00007ffb4b270000 - 0x00007ffb4b280000 	C:\Windows\System32\UMPDC.dll
0x00007ffb4e2c0000 - 0x00007ffb4e312000 	C:\Windows\System32\shlwapi.dll
0x00007ffb4bb40000 - 0x00007ffb4bb57000 	C:\Windows\System32\cryptsp.dll
0x00007ffb13100000 - 0x00007ffb1311a000 	C:\Program Files\Android\Android Studio\jre\bin\net.dll
0x00007ffb402a0000 - 0x00007ffb4039a000 	C:\Windows\SYSTEM32\WINHTTP.dll
0x00007ffb4a560000 - 0x00007ffb4a5c7000 	C:\Windows\system32\mswsock.dll
0x00007ffb130e0000 - 0x00007ffb130f4000 	C:\Program Files\Android\Android Studio\jre\bin\nio.dll
0x00007ffb2fcf0000 - 0x00007ffb2fd17000 	C:\Users\Akash\.gradle\native\f6784746aeab05261644944871eae4fe03e0ef1612fff0a4a95f87b438bc6780\windows-amd64\native-platform.dll
0x00007ffb35150000 - 0x00007ffb3515a000 	C:\Program Files\Android\Android Studio\jre\bin\management.dll
0x00007ffb130d0000 - 0x00007ffb130dc000 	C:\Program Files\Android\Android Studio\jre\bin\management_ext.dll
0x00007ffb49f50000 - 0x00007ffb49f83000 	C:\Windows\system32\rsaenh.dll
0x00007ffb4b860000 - 0x00007ffb4b886000 	C:\Windows\System32\bcrypt.dll
0x00007ffb4b190000 - 0x00007ffb4b1b5000 	C:\Windows\SYSTEM32\USERENV.dll
0x00007ffb4a640000 - 0x00007ffb4a64c000 	C:\Windows\SYSTEM32\CRYPTBASE.dll
0x00007ffb4a0e0000 - 0x00007ffb4a11a000 	C:\Windows\SYSTEM32\IPHLPAPI.DLL
0x00007ffb4c4e0000 - 0x00007ffb4c4e8000 	C:\Windows\System32\NSI.dll
0x00007ffb44bf0000 - 0x00007ffb44c06000 	C:\Windows\SYSTEM32\dhcpcsvc6.DLL
0x00007ffb451e0000 - 0x00007ffb451fc000 	C:\Windows\SYSTEM32\dhcpcsvc.DLL
0x00007ffb4a120000 - 0x00007ffb4a1eb000 	C:\Windows\SYSTEM32\DNSAPI.dll
0x00007ffb45270000 - 0x00007ffb4527b000 	C:\Windows\SYSTEM32\WINNSI.DLL

dbghelp: loaded successfully - version: 4.0.5 - missing functions: none
symbol engine: initialized successfully - sym options: 0x614 - pdb path: .;C:\Program Files\Android\Android Studio\jre\bin;C:\Windows\SYSTEM32;C:\Windows\WinSxS\amd64_microsoft.windows.common-controls_6595b64144ccf1df_6.0.18362.1440_none_9e7dbfb9e45e8e67;C:\Program Files\Android\Android Studio\jre\bin\server;C:\Users\Akash\.gradle\native\f6784746aeab05261644944871eae4fe03e0ef1612fff0a4a95f87b438bc6780\windows-amd64

VM Arguments:
jvm_args: --add-opens=java.base/java.util=ALL-UNNAMED --add-opens=java.base/java.lang=ALL-UNNAMED --add-opens=java.base/java.lang.invoke=ALL-UNNAMED --add-opens=java.prefs/java.util.prefs=ALL-UNNAMED -Xmx2048m -Dfile.encoding=UTF-8 -Duser.country=US -Duser.language=en -Duser.variant 
java_command: org.gradle.launcher.daemon.bootstrap.GradleDaemon 6.5
java_class_path (initial): C:\Users\Akash\.gradle\wrapper\dists\gradle-6.5-all\2oz4ud9k3tuxjg84bbf55q0tn\gradle-6.5\lib\gradle-launcher-6.5.jar
Launcher Type: SUN_STANDARD

[Global flags]
     intx CICompilerCount                          = 3                                         {product} {ergonomic}
     uint ConcGCThreads                            = 1                                         {product} {ergonomic}
     uint G1ConcRefinementThreads                  = 4                                         {product} {ergonomic}
   size_t G1HeapRegionSize                         = 1048576                                   {product} {ergonomic}
    uintx GCDrainStackTargetSize                   = 64                                        {product} {ergonomic}
   size_t InitialHeapSize                          = 62914560                                  {product} {ergonomic}
   size_t MarkStackSize                            = 4194304                                   {product} {ergonomic}
   size_t MaxHeapSize                              = 2147483648                                {product} {command line}
   size_t MaxNewSize                               = 1287651328                                {product} {ergonomic}
   size_t MinHeapDeltaBytes                        = 1048576                                   {product} {ergonomic}
    uintx NonNMethodCodeHeapSize                   = 5830732                                {pd product} {ergonomic}
    uintx NonProfiledCodeHeapSize                  = 122913754                              {pd product} {ergonomic}
    uintx ProfiledCodeHeapSize                     = 122913754                              {pd product} {ergonomic}
    uintx ReservedCodeCacheSize                    = 251658240                              {pd product} {ergonomic}
     bool SegmentedCodeCache                       = true                                      {product} {ergonomic}
     bool UseCompressedClassPointers               = true                                 {lp64_product} {ergonomic}
     bool UseCompressedOops                        = true                                 {lp64_product} {ergonomic}
     bool UseG1GC                                  = true                                      {product} {ergonomic}
     bool UseLargePagesIndividualAllocation        = false                                  {pd product} {ergonomic}

Logging:
Log output configuration:
 #0: stdout all=warning uptime,level,tags
 #1: stderr all=off uptime,level,tags

Environment Variables:
JAVA_HOME=C:\Program Files\Java\jdk1.8.0_271
PATH=C:\Python39\Scripts\;C:\Python39\;C:\Program Files (x86)\Common Files\Oracle\Java\javapath;C:\Program Files\Common Files\Oracle\Java\javapath;C:\Windows\system32;C:\Windows;C:\Windows\System32\Wbem;C:\Windows\System32\WindowsPowerShell\v1.0\;C:\Windows\System32\OpenSSH\;C:\Program Files\nodejs\;C:\ProgramData\chocolatey\bin;C:\Program Files\Git\cmd;D:\flutter_windows_2.2.1-stable\flutter\bin;;D:\Git LFS;C:\Users\Akash\AppData\Roaming\npm;D:\Visual_Studio\visual_installation_folder\bin;C:\Users\Akash\AppData\Local\gitkraken\bin;
USERNAME=Akash
OS=Windows_NT
PROCESSOR_IDENTIFIER=Intel64 Family 6 Model 60 Stepping 3, GenuineIntel



---------------  S Y S T E M  ---------------

OS: Windows 10 , 64 bit Build 18362 (10.0.18362.1350)
OS uptime: 0 days 0:47 hours

CPU:total 4 (initial active 4) (2 cores per cpu, 2 threads per core) family 6 model 60 stepping 3, cmov, cx8, fxsr, mmx, sse, sse2, sse3, ssse3, sse4.1, sse4.2, popcnt, avx, avx2, aes, clmul, erms, lzcnt, ht, tsc, tscinvbit, bmi1, bmi2, fma

Memory: 4k page, system-wide physical 3769M (838M free)
TotalPageFile size 10425M (AvailPageFile size 4918M)
current process WorkingSet (physical memory assigned to process): 408M, peak: 424M
current process commit charge ("private bytes"): 440M, peak: 456M

vm_info: OpenJDK 64-Bit Server VM (11.0.8+10-b944.6842174) for windows-amd64 JRE (11.0.8+10-b944.6842174), built on Sep 19 2020 01:11:42 by "builder" with MS VC++ 14.0 (VS2015)

END.
